2026-06-23 17:11:22.107: [INFO] OnDoneLoading sync enabled: 0
2026-06-23 17:11:22.162: [INFO] RecordSyncInitDuration has_sync_been_enabled: 0 state: 0
2026-06-23 17:11:22.255: [INFO] VisibilityChanged: 0
2026-06-23 17:11:22.280: [INFO] RecordSyncInitDuration has_sync_been_enabled: 0 state: 0
2026-06-23 17:11:22.284: [INFO] RecordSyncInitDuration has_sync_been_enabled: 0 state: 3
2026-06-23 17:11:22.285: [INFO] Primary account changed.
2026-06-23 17:11:22.285: [INFO] OnPrimaryAccountChanged PrimaryAccountChangeEvent::Type::kSet
2026-06-23 17:11:22.291: [INFO] RecordSyncInitDuration has_sync_been_enabled: 0 state: 3
2026-06-23 17:11:22.307: [INFO] RecordSyncInitDuration has_sync_been_enabled: 0 state: 3
2026-06-23 17:11:25.163: [INFO] BookmarkNodeAdded, ABU: 0
2026-06-23 17:11:25.164: [INFO] BookmarkNodeAdded, ABU: 0
2026-06-23 17:11:25.165: [INFO] BookmarkNodeAdded, ABU: 0
2026-06-23 17:11:25.166: [INFO] BookmarkNodeAdded, ABU: 0
2026-06-23 17:11:25.167: [INFO] BookmarkNodeAdded, ABU: 0
2026-06-23 17:11:25.168: [INFO] BookmarkNodeAdded, ABU: 0
2026-06-23 17:11:26.766: [INFO] VisibilityChanged: 1
2026-06-23 17:11:28.953: [INFO] BookmarkNodeAdded, ABU: 0
2026-06-23 17:11:28.954: [INFO] BookmarkNodeAdded, ABU: 0
2026-06-23 17:11:28.955: [INFO] BookmarkNodeAdded, ABU: 0
2026-06-23 17:11:28.956: [INFO] BookmarkNodeAdded, ABU: 0
2026-06-23 17:11:28.957: [INFO] BookmarkNodeAdded, ABU: 0
2026-06-23 17:11:28.957: [INFO] BookmarkNodeAdded, ABU: 0
2026-06-23 17:11:28.958: [INFO] BookmarkNodeAdded, ABU: 0
2026-06-23 17:11:28.959: [INFO] BookmarkNodeAdded, ABU: 0
2026-06-23 17:11:28.959: [INFO] BookmarkNodeAdded, ABU: 0
2026-06-23 17:11:28.960: [INFO] BookmarkNodeAdded, ABU: 0
2026-06-23 17:11:28.961: [INFO] BookmarkNodeAdded, ABU: 0
2026-06-23 17:11:28.961: [INFO] BookmarkNodeAdded, ABU: 0
2026-06-23 17:11:28.962: [INFO] BookmarkNodeAdded, ABU: 0
2026-06-23 17:11:28.963: [INFO] BookmarkNodeAdded, ABU: 0
2026-06-23 17:11:28.963: [INFO] BookmarkNodeAdded, ABU: 0
2026-06-23 17:11:28.965: [INFO] BookmarkNodeAdded, ABU: 0
2026-06-23 17:11:28.966: [INFO] BookmarkNodeAdded, ABU: 0
2026-06-23 17:11:28.967: [INFO] BookmarkNodeAdded, ABU: 0
2026-06-23 17:11:28.967: [INFO] BookmarkNodeAdded, ABU: 0
2026-06-23 17:11:28.968: [INFO] BookmarkNodeAdded, ABU: 0
2026-06-23 17:11:28.969: [INFO] BookmarkNodeAdded, ABU: 0
2026-06-23 17:11:28.969: [INFO] BookmarkNodeAdded, ABU: 0
2026-06-23 17:11:28.970: [INFO] BookmarkNodeAdded, ABU: 0
2026-06-23 17:11:28.971: [INFO] BookmarkNodeAdded, ABU: 0
2026-06-23 17:11:28.971: [INFO] Remove, DeletionOrigin: 19
2026-06-23 17:11:28.971: [INFO] BookmarkNodeRemoved, Url: 1, IsFolder: 0, IsWorkspace: 0
2026-06-23 17:11:28.972: [INFO] BookmarkNodeAdded, ABU: 0
2026-06-23 17:11:28.972: [INFO] BookmarkNodeAdded, ABU: 0
2026-06-23 17:11:28.972: [INFO] Remove, DeletionOrigin: 19
2026-06-23 17:11:28.973: [INFO] BookmarkNodeRemoved, Url: 1, IsFolder: 0, IsWorkspace: 0
2026-06-23 17:11:28.973: [INFO] BookmarkNodeAdded, ABU: 0
2026-06-23 17:11:28.973: [INFO] Remove, DeletionOrigin: 19
2026-06-23 17:11:28.974: [INFO] BookmarkNodeRemoved, Url: 1, IsFolder: 0, IsWorkspace: 0
2026-06-23 17:11:28.974: [INFO] BookmarkNodeAdded, ABU: 0
2026-06-23 17:11:28.974: [INFO] Remove, DeletionOrigin: 19
2026-06-23 17:11:28.974: [INFO] BookmarkNodeRemoved, Url: 1, IsFolder: 0, IsWorkspace: 0
2026-06-23 17:11:28.975: [INFO] BookmarkNodeAdded, ABU: 0
2026-06-23 17:11:28.975: [INFO] Remove, DeletionOrigin: 19
2026-06-23 17:11:28.975: [INFO] BookmarkNodeRemoved, Url: 1, IsFolder: 0, IsWorkspace: 0
2026-06-23 17:11:28.976: [INFO] BookmarkNodeAdded, ABU: 0
2026-06-23 17:11:28.976: [INFO] Remove, DeletionOrigin: 19
2026-06-23 17:11:28.976: [INFO] BookmarkNodeRemoved, Url: 1, IsFolder: 0, IsWorkspace: 0
2026-06-23 17:11:28.976: [INFO] BookmarkNodeAdded, ABU: 0
2026-06-23 17:11:28.976: [INFO] BookmarkNodeAdded, ABU: 0
2026-06-23 17:11:28.977: [INFO] BookmarkNodeAdded, ABU: 0
2026-06-23 17:11:28.978: [INFO] BookmarkNodeAdded, ABU: 0
2026-06-23 17:11:28.978: [INFO] BookmarkNodeAdded, ABU: 0
2026-06-23 17:11:28.979: [INFO] BookmarkNodeAdded, ABU: 0
2026-06-23 17:11:28.979: [INFO] BookmarkNodeAdded, ABU: 0
2026-06-23 17:11:28.980: [INFO] BookmarkNodeAdded, ABU: 0
2026-06-23 17:11:28.981: [INFO] BookmarkNodeAdded, ABU: 0
2026-06-23 17:11:28.982: [INFO] BookmarkNodeAdded, ABU: 0
2026-06-23 17:11:28.982: [INFO] BookmarkNodeAdded, ABU: 0
2026-06-23 17:11:28.983: [INFO] BookmarkNodeAdded, ABU: 0
2026-06-23 17:11:28.984: [INFO] BookmarkNodeAdded, ABU: 0
2026-06-23 17:11:28.984: [INFO] BookmarkNodeAdded, ABU: 0
2026-06-23 17:11:28.985: [INFO] BookmarkNodeAdded, ABU: 0
2026-06-23 17:11:28.986: [INFO] BookmarkNodeAdded, ABU: 0
2026-06-23 17:11:28.986: [INFO] BookmarkNodeAdded, ABU: 0
2026-06-23 17:11:28.987: [INFO] BookmarkNodeAdded, ABU: 0
2026-06-23 17:11:28.988: [INFO] BookmarkNodeAdded, ABU: 0
2026-06-23 17:11:28.988: [INFO] BookmarkNodeAdded, ABU: 0
2026-06-23 17:11:29.698: [INFO] Sync initialization duration: 7315ms
2026-06-23 17:11:36.339: [INFO] VisibilityChanged: 0
