{"logTime": "0623/200210", "correlationVector":"6FtVxVlvk76i9MZ3gooj7D.1","action":"SyncServerConnectionManagerRequest", "result":"SYNC_SERVER_OK", "context":{"environment":"Prod_germanywestcentral_prod-s01-010-eur-germanywestcentral", "migrationStage":"NotStarted", "server":"akswtt002000024"}}
{"logTime": "0623/200210", "correlationVector":"6FtVxVlvk76i9MZ3gooj7D.2","action":"ProcessGetUpdates", "result":"Done", "context":{"dataType":"Encryption Keys", "deleted":"0", "process_failed_to_decrypt":"0", "process_pending_decryption":"0", "process_success":"1", "total":"1"}}
{"logTime": "0623/200211", "correlationVector":"8rNOstAL3xbV7ArUQ7ZbcL","action":"SyncServerConnectionManagerRequest", "result":"SYNC_SERVER_OK", "context":{"environment":"", "migrationStage":"", "server":""}}
{"logTime": "0623/200211", "correlationVector":"8rNOstAL3xbV7ArUQ7ZbcL.0","action":"EncryptionKeysFetcher.DownloadKeys:", "result":"Success", "context":Key count: 10, Last key timestamp: 2026-06-17T11:55:46Z}
{"logTime": "0623/200211", "correlationVector":"8rNOstAL3xbV7ArUQ7ZbcL.1","action":"EncryptionKeysManager::SetEncryptionKeys:", "result":"Success", "context":Key names[10]:[FnjvuLBZHLuBG6AAyb70KkYUTtHcGT9at6/7wSf2szgFcbUYcSj0xww14HG0Le2VxFt/RA1ViVD4Ru81mjnhkA==][zz+BaStzWrG0IQQj9/yD9YcpbUQAhuq+cuN7NExJfWah/EksUNqgiX/3jyOzxzrQnx7p36vXtOpYfdwbgQM5aw==][x1LezOqYVi2W49Zz80SrPN8leoGGJFh6Qe/f0DYcQa2+NY2a32xZW/EV09tnewOexDuEcqFVTtEygY/xyeg2NQ==][Nsi1d1RuIs3Y3CPsJiWVmO97Erb+KMH6gHPnAPlAdFHa7XjJ/eQ6j+iqSTJD6K8HhJC7FmmiZ303iWmtxbO1yg==][xAHiO8v8Mn4vYwkndq+Aaxj2odlVLsZF6TmKhe+E9IMRGXnUeJ3ozBIuUKabLxjt8ED58ov2mMTNCoqqpdswkA==][Ceo7bGJzmbDyNMiIxZzF7y09A0le3E8IytedYo5v47/qzqJz+PLSaKCsHpFnas1BItvxo86s0YZupwMaUiY25g==][eJSU3iCYvEz5M6/2r+rjI19O3pTmfnbf3Q+2MOBdSsj6cNb52a7pwX+C6gt5Fy15sQcnvCAjbU7vuRjmbK+M9A==][iCqmRzE+7ZstNSkQkMxxurd2D8Ao9be96dR6CLqI825PpwJIDmPsndJ/UvJnb77pttAVGxPIQvPg+Hu3ILf/dw==][6+ezGS+fbc4EsbpDEQH1cMOn7psfNIz/TeQfTH4Zo6r7ySiflAvg1EqI2yUGMmLIwRw5W3g43kRh6n7hxhFvRQ==][ljnkUw36uPA6DJKEN2LCV/Awo3NWAPG7XG3aQodTzOhG5u8sAXWNxoBuv02YwfTJX8aedOzhLxK+DUttqYHhDw==]}
{"logTime": "0623/200211", "correlationVector":"8rNOstAL3xbV7ArUQ7ZbcL.2","action":"EncryptionKeysManager::SetEncryptionKeysWithTimestamps:", "result":"Success", "context":Key timestamps[10]:[2022-07-07T17:37:15Z][2023-01-11T10:27:44Z][2023-08-24T08:01:17Z][2024-01-31T17:03:38Z][2024-03-17T14:37:01Z][2024-03-24T11:18:12Z][2024-11-28T11:02:12Z][2025-06-13T09:05:07Z][2025-12-16T15:35:41Z][2026-06-17T11:55:46Z]}
{"logTime": "0623/200211", "correlationVector":"6FtVxVlvk76i9MZ3gooj7D","action":"Initial GetUpdates", "result":"", "context":Reason: NEW_CLIENT. cV=6FtVxVlvk76i9MZ3gooj7D}
{"logTime": "0623/200211", "correlationVector":"6FtVxVlvk76i9MZ3gooj7D.3","action":"GetUpdates Response", "result":"Success", "context":Received 1 update(s). cV=6FtVxVlvk76i9MZ3gooj7D.0;server=akswtt002000024;cloudType=Consumer;environment=Prod_germanywestcentral_prod-s01-010-eur-germanywestcentral;migrationStage=NotStarted}
{"logTime": "0623/200211", "correlationVector":"hKKTJzSiNUY0zp0VeS5bqv","action":"Initial GetUpdates", "result":"", "context":Reason: NEWLY_SUPPORTED_DATATYPE. cV=hKKTJzSiNUY0zp0VeS5bqv}
{"logTime": "0623/200214", "correlationVector":"hKKTJzSiNUY0zp0VeS5bqv.1","action":"SyncServerConnectionManagerRequest", "result":"SYNC_SERVER_OK", "context":{"environment":"Prod_germanywestcentral_prod-s01-010-eur-germanywestcentral", "migrationStage":"NotStarted", "server":"akswtt002000002"}}
{"logTime": "0623/200214", "correlationVector":"hKKTJzSiNUY0zp0VeS5bqv.2","action":"ProcessGetUpdates", "result":"Done", "context":{"dataType":"Preferences", "deleted":"1", "process_failed_to_decrypt":"0", "process_pending_decryption":"0", "process_success":"74", "total":"74"}}
{"logTime": "0623/200214", "correlationVector":"hKKTJzSiNUY0zp0VeS5bqv.3","action":"ProcessGetUpdates", "result":"Done", "context":{"dataType":"Passwords", "deleted":"0", "process_failed_to_decrypt":"0", "process_pending_decryption":"0", "process_success":"163", "total":"163"}}
{"logTime": "0623/200214", "correlationVector":"hKKTJzSiNUY0zp0VeS5bqv.4","action":"ProcessGetUpdates", "result":"Done", "context":{"dataType":"Device Info", "deleted":"0", "process_failed_to_decrypt":"0", "process_pending_decryption":"0", "process_success":"13", "total":"13"}}
{"logTime": "0623/200214", "correlationVector":"hKKTJzSiNUY0zp0VeS5bqv.5","action":"GetUpdates Response", "result":"Success", "context":Received 250 update(s). cV=hKKTJzSiNUY0zp0VeS5bqv.0;server=akswtt002000002;cloudType=Consumer;environment=Prod_germanywestcentral_prod-s01-010-eur-germanywestcentral;migrationStage=NotStarted Some updates remain.}
{"logTime": "0623/200214", "correlationVector":"cPGqJLzi5TEMloufzuAgqA","action":"Initial GetUpdates", "result":"", "context":Reason: NEWLY_SUPPORTED_DATATYPE. cV=cPGqJLzi5TEMloufzuAgqA}
{"logTime": "0623/200215", "correlationVector":"cPGqJLzi5TEMloufzuAgqA.1","action":"SyncServerConnectionManagerRequest", "result":"SYNC_SERVER_OK", "context":{"environment":"Prod_westeurope_prod-s01-080-eur-westeurope", "migrationStage":"NotStarted", "server":"akswtt002000047"}}
{"logTime": "0623/200215", "correlationVector":"cPGqJLzi5TEMloufzuAgqA.2","action":"ProcessGetUpdates", "result":"Done", "context":{"dataType":"Preferences", "deleted":"0", "process_failed_to_decrypt":"0", "process_pending_decryption":"0", "process_success":"4", "total":"4"}}
{"logTime": "0623/200215", "correlationVector":"cPGqJLzi5TEMloufzuAgqA.3","action":"ProcessGetUpdates", "result":"Done", "context":{"dataType":"Passwords", "deleted":"0", "process_failed_to_decrypt":"0", "process_pending_decryption":"0", "process_success":"181", "total":"181"}}
{"logTime": "0623/200215", "correlationVector":"cPGqJLzi5TEMloufzuAgqA.4","action":"ProcessGetUpdates", "result":"Done", "context":{"dataType":"Device Info", "deleted":"0", "process_failed_to_decrypt":"0", "process_pending_decryption":"0", "process_success":"13", "total":"13"}}
{"logTime": "0623/200215", "correlationVector":"cPGqJLzi5TEMloufzuAgqA.5","action":"GetUpdates Response", "result":"Success", "context":Received 198 update(s). cV=cPGqJLzi5TEMloufzuAgqA.0;server=akswtt002000047;cloudType=Consumer;environment=Prod_westeurope_prod-s01-080-eur-westeurope;migrationStage=NotStarted}
{"logTime": "0623/200215", "correlationVector":"yuEB6gW1MYtj0JfHKsDeJr","action":"Initial GetUpdates", "result":"", "context":Reason: NEWLY_SUPPORTED_DATATYPE. cV=yuEB6gW1MYtj0JfHKsDeJr}
{"logTime": "0623/200217", "correlationVector":"yuEB6gW1MYtj0JfHKsDeJr.1","action":"SyncServerConnectionManagerRequest", "result":"SYNC_SERVER_OK", "context":{"environment":"Prod_westeurope_prod-s01-080-eur-westeurope", "migrationStage":"NotStarted", "server":"akswtt002000029"}}
{"logTime": "0623/200217", "correlationVector":"yuEB6gW1MYtj0JfHKsDeJr.2","action":"ProcessGetUpdates", "result":"Done", "context":{"dataType":"Bookmarks", "deleted":"0", "process_failed_to_decrypt":"0", "process_pending_decryption":"0", "process_success":"56", "total":"56"}}
{"logTime": "0623/200217", "correlationVector":"yuEB6gW1MYtj0JfHKsDeJr.3","action":"GetUpdates Response", "result":"Success", "context":Received 56 update(s). cV=yuEB6gW1MYtj0JfHKsDeJr.0;server=akswtt002000029;cloudType=Consumer;environment=Prod_westeurope_prod-s01-080-eur-westeurope;migrationStage=NotStarted}
{"logTime": "0623/200217", "correlationVector":"8h2CYdG1J3/4oyQNE1vzyW","action":"Initial GetUpdates", "result":"", "context":Reason: NEWLY_SUPPORTED_DATATYPE. cV=8h2CYdG1J3/4oyQNE1vzyW}
{"logTime": "0623/200218", "correlationVector":"8h2CYdG1J3/4oyQNE1vzyW.1","action":"SyncServerConnectionManagerRequest", "result":"SYNC_SERVER_OK", "context":{"environment":"Prod_westeurope_prod-s01-080-eur-westeurope", "migrationStage":"NotStarted", "server":"akswtt002000047"}}
{"logTime": "0623/200218", "correlationVector":"8h2CYdG1J3/4oyQNE1vzyW.2","action":"ProcessGetUpdates", "result":"Done", "context":{"dataType":"Autofill Profiles", "deleted":"1", "process_failed_to_decrypt":"0", "process_pending_decryption":"0", "process_success":"5", "total":"5"}}
{"logTime": "0623/200218", "correlationVector":"8h2CYdG1J3/4oyQNE1vzyW.3","action":"ProcessGetUpdates", "result":"Done", "context":{"dataType":"Autofill", "deleted":"0", "process_failed_to_decrypt":"0", "process_pending_decryption":"0", "process_success":"11", "total":"11"}}
{"logTime": "0623/200218", "correlationVector":"8h2CYdG1J3/4oyQNE1vzyW.4","action":"ProcessGetUpdates", "result":"Done", "context":{"dataType":"Extensions", "deleted":"0", "process_failed_to_decrypt":"0", "process_pending_decryption":"0", "process_success":"1", "total":"1"}}
{"logTime": "0623/200218", "correlationVector":"8h2CYdG1J3/4oyQNE1vzyW.5","action":"ProcessGetUpdates", "result":"Done", "context":{"dataType":"Sessions", "deleted":"36", "process_failed_to_decrypt":"0", "process_pending_decryption":"0", "process_success":"63", "total":"63"}}
{"logTime": "0623/200218", "correlationVector":"8h2CYdG1J3/4oyQNE1vzyW.6","action":"ProcessGetUpdates", "result":"Done", "context":{"dataType":"Edge Hub App Usage", "deleted":"0", "process_failed_to_decrypt":"0", "process_pending_decryption":"0", "process_success":"5", "total":"5"}}
{"logTime": "0623/200218", "correlationVector":"8h2CYdG1J3/4oyQNE1vzyW.7","action":"GetUpdates Response", "result":"Success", "context":Received 85 update(s). cV=8h2CYdG1J3/4oyQNE1vzyW.0;server=akswtt002000047;cloudType=Consumer;environment=Prod_westeurope_prod-s01-080-eur-westeurope;migrationStage=NotStarted}
{"logTime": "0623/200218", "correlationVector":"2SRqE4phqwHFikpTIyDsuu","action":"Initial GetUpdates", "result":"", "context":Reason: NEWLY_SUPPORTED_DATATYPE. cV=2SRqE4phqwHFikpTIyDsuu}
{"logTime": "0623/200218", "correlationVector":"2SRqE4phqwHFikpTIyDsuu.1","action":"SyncServerConnectionManagerRequest", "result":"SYNC_SERVER_OK", "context":{"environment":"Prod_westeurope_prod-s01-080-eur-westeurope", "migrationStage":"NotStarted", "server":"akswtt00200001o"}}
{"logTime": "0623/200218", "correlationVector":"2SRqE4phqwHFikpTIyDsuu.2","action":"ProcessGetUpdates", "result":"Done", "context":{"dataType":"History", "deleted":"0", "process_failed_to_decrypt":"0", "process_pending_decryption":"0", "process_success":"19", "total":"19"}}
{"logTime": "0623/200218", "correlationVector":"2SRqE4phqwHFikpTIyDsuu.3","action":"GetUpdates Response", "result":"Success", "context":Received 19 update(s). cV=2SRqE4phqwHFikpTIyDsuu.0;server=akswtt00200001o;cloudType=Consumer;environment=Prod_westeurope_prod-s01-080-eur-westeurope;migrationStage=NotStarted}
{"logTime": "0623/200218", "correlationVector":"HFdFc3cJvAGSXM6Pm+mqVw","action":"Normal GetUpdate request", "result":"", "context":cV=HFdFc3cJvAGSXM6Pm+mqVw
Nudged types: Sessions, Device Info, User Consents
Refresh requested types: Bookmarks, Preferences, Passwords, Autofill Profiles, Autofill, Extensions, Sessions, Extension settings, History Delete Directives, Device Info, User Consents, Send Tab To Self, Web Apps, History, Saved Tab Group, WebAuthn Credentials, Edge E Drop, Edge Hub App Usage, Edge Wallet, Edge Workspace, Encryption Keys}
{"logTime": "0623/200220", "correlationVector":"HFdFc3cJvAGSXM6Pm+mqVw.1","action":"SyncServerConnectionManagerRequest", "result":"SYNC_SERVER_OK", "context":{"environment":"Prod_westeurope_prod-s01-080-eur-westeurope", "migrationStage":"NotStarted", "server":"akswtt00200002s"}}
{"logTime": "0623/200220", "correlationVector":"HFdFc3cJvAGSXM6Pm+mqVw.2","action":"GetUpdates Response", "result":"Success", "context":Received 0 update(s). cV=HFdFc3cJvAGSXM6Pm+mqVw.0;server=akswtt00200002s;cloudType=Consumer;environment=Prod_westeurope_prod-s01-080-eur-westeurope;migrationStage=NotStarted}
{"logTime": "0623/200220", "correlationVector":"sFVTUQAsyB1HrXIvlO3EwD","action":"DoCompareDataConsistency requsted types: ", "result":"Bookmarks, Preferences, Passwords, Extensions, Extension settings, History Delete Directives, Send Tab To Self, Web Apps, History, Saved Tab Group, WebAuthn Credentials, Edge E Drop, Edge Wallet, Edge Workspace, Encryption Keys"}
{"logTime": "0623/200220", "correlationVector":"sFVTUQAsyB1HrXIvlO3EwD.0","action":"CompareDataConsistency result: ", "result":"Compare result: Encryption Keys is consistent. local entities count is: 1 local entities hash is: KZhz3yYf9Sr0ujfgGAlaumlRph4="}
{"logTime": "0623/200220", "correlationVector":"sFVTUQAsyB1HrXIvlO3EwD.1","action":"CompareDataConsistency result: ", "result":"Compare result: Bookmarks is consistent. local entities count is: 50 local entities hash is: RrmpgqIixYp2Nd/f+HbkEOnNERU="}
{"logTime": "0623/200220", "correlationVector":"sFVTUQAsyB1HrXIvlO3EwD.2","action":"CompareDataConsistency result: ", "result":"Compare result: Preferences is consistent. local entities count is: 77 local entities hash is: npPPnufb1JhoqnJrnXtVrlZpAaw="}
{"logTime": "0623/200220", "correlationVector":"sFVTUQAsyB1HrXIvlO3EwD.3","action":"CompareDataConsistency result: ", "result":"Compare result: Extensions is consistent. local entities count is: 1 local entities hash is: SqFikT12Nvs99/lTmWoMLHtCA6Y="}
{"logTime": "0623/200220", "correlationVector":"sFVTUQAsyB1HrXIvlO3EwD.4","action":"CompareDataConsistency result: ", "result":"Compare result: Extension settings is consistent. local entities count is: 0 local entities hash is: "}
{"logTime": "0623/200220", "correlationVector":"sFVTUQAsyB1HrXIvlO3EwD.5","action":"CompareDataConsistency result: ", "result":"Compare result: History Delete Directives is consistent. local entities count is: 0 local entities hash is: "}
{"logTime": "0623/200220", "correlationVector":"sFVTUQAsyB1HrXIvlO3EwD.6","action":"CompareDataConsistency result: ", "result":"Server did not send this Send Tab To Self local entities count is: 0 local entities hash is: "}
{"logTime": "0623/200220", "correlationVector":"sFVTUQAsyB1HrXIvlO3EwD.7","action":"CompareDataConsistency result: ", "result":"Compare result: Web Apps is consistent. local entities count is: 0 local entities hash is: "}
{"logTime": "0623/200220", "correlationVector":"sFVTUQAsyB1HrXIvlO3EwD.8","action":"CompareDataConsistency result: ", "result":"Server did not send this History local entities count is: 0 local entities hash is: "}
{"logTime": "0623/200220", "correlationVector":"sFVTUQAsyB1HrXIvlO3EwD.9","action":"CompareDataConsistency result: ", "result":"Compare result: Saved Tab Group is consistent. local entities count is: 0 local entities hash is: "}
{"logTime": "0623/200220", "correlationVector":"sFVTUQAsyB1HrXIvlO3EwD.10","action":"CompareDataConsistency result: ", "result":"Server did not send this WebAuthn Credentials local entities count is: 0 local entities hash is: "}
{"logTime": "0623/200220", "correlationVector":"sFVTUQAsyB1HrXIvlO3EwD.11","action":"CompareDataConsistency result: ", "result":"Compare result: Edge E Drop is consistent. local entities count is: 0 local entities hash is: "}
{"logTime": "0623/200220", "correlationVector":"sFVTUQAsyB1HrXIvlO3EwD.12","action":"CompareDataConsistency result: ", "result":"Compare result: Edge Wallet is consistent. local entities count is: 0 local entities hash is: "}
{"logTime": "0623/200220", "correlationVector":"sFVTUQAsyB1HrXIvlO3EwD.13","action":"CompareDataConsistency result: ", "result":"Server did not send this Edge Workspace local entities count is: 0 local entities hash is: "}
{"logTime": "0623/200220", "correlationVector":"sFVTUQAsyB1HrXIvlO3EwD.14","action":"CompareDataConsistency result: ", "result":"Compare result: Passwords is consistent. local entities count is: 344 local entities hash is: QzOh+SiJw6pU7ANKm3oOISdV7hw="}
{"logTime": "0623/200220", "correlationVector":"ciqkmh7DYl6ouTdFxooTg7","action":"Commit Request", "result":"", "context":Item count: 4
Contributing types: Sessions, Device Info, User Consents}
{"logTime": "0623/200221", "correlationVector":"ciqkmh7DYl6ouTdFxooTg7.1","action":"SyncServerConnectionManagerRequest", "result":"SYNC_SERVER_OK", "context":{"environment":"Prod_westeurope_prod-s01-080-eur-westeurope", "migrationStage":"NotStarted", "server":"akswtt00200004e"}}
{"logTime": "0623/200221", "correlationVector":"ciqkmh7DYl6ouTdFxooTg7.2","action":"Commit Response", "result":"Success", "context":Result: Success. cV=ciqkmh7DYl6ouTdFxooTg7.0;server=akswtt00200004e;cloudType=Consumer;environment=Prod_westeurope_prod-s01-080-eur-westeurope;migrationStage=NotStarted}
{"logTime": "0623/200221", "correlationVector":"","action":"DIAGNOSTIC_REQUEST|v1/diagnosticData/Diagnostic.SendCheckResult()|SUCCESS", "result":""}
