{"logTime": "0623/171012", "correlationVector":"JTCrpNOqQRdIQy0YYSqFo0.1","action":"SyncServerConnectionManagerRequest", "result":"SYNC_SERVER_OK", "context":{"environment":"Prod_westeurope_prod-s01-079-eur-westeurope", "migrationStage":"NotStarted", "server":"akswtt00200003r"}}
{"logTime": "0623/171012", "correlationVector":"JTCrpNOqQRdIQy0YYSqFo0.2","action":"ProcessGetUpdates", "result":"Done", "context":{"dataType":"Encryption Keys", "deleted":"0", "process_failed_to_decrypt":"0", "process_pending_decryption":"0", "process_success":"1", "total":"1"}}
{"logTime": "0623/171013", "correlationVector":"zDzDS48wD60al/L/b38m2u","action":"SyncServerConnectionManagerRequest", "result":"SYNC_SERVER_OK", "context":{"environment":"", "migrationStage":"", "server":""}}
{"logTime": "0623/171013", "correlationVector":"zDzDS48wD60al/L/b38m2u.0","action":"EncryptionKeysFetcher.DownloadKeys:", "result":"Success", "context":Key count: 10, Last key timestamp: 2026-06-17T11:55:46Z}
{"logTime": "0623/171013", "correlationVector":"zDzDS48wD60al/L/b38m2u.1","action":"EncryptionKeysManager::SetEncryptionKeys:", "result":"Success", "context":Key names[10]:[FnjvuLBZHLuBG6AAyb70KkYUTtHcGT9at6/7wSf2szgFcbUYcSj0xww14HG0Le2VxFt/RA1ViVD4Ru81mjnhkA==][zz+BaStzWrG0IQQj9/yD9YcpbUQAhuq+cuN7NExJfWah/EksUNqgiX/3jyOzxzrQnx7p36vXtOpYfdwbgQM5aw==][x1LezOqYVi2W49Zz80SrPN8leoGGJFh6Qe/f0DYcQa2+NY2a32xZW/EV09tnewOexDuEcqFVTtEygY/xyeg2NQ==][Nsi1d1RuIs3Y3CPsJiWVmO97Erb+KMH6gHPnAPlAdFHa7XjJ/eQ6j+iqSTJD6K8HhJC7FmmiZ303iWmtxbO1yg==][xAHiO8v8Mn4vYwkndq+Aaxj2odlVLsZF6TmKhe+E9IMRGXnUeJ3ozBIuUKabLxjt8ED58ov2mMTNCoqqpdswkA==][Ceo7bGJzmbDyNMiIxZzF7y09A0le3E8IytedYo5v47/qzqJz+PLSaKCsHpFnas1BItvxo86s0YZupwMaUiY25g==][eJSU3iCYvEz5M6/2r+rjI19O3pTmfnbf3Q+2MOBdSsj6cNb52a7pwX+C6gt5Fy15sQcnvCAjbU7vuRjmbK+M9A==][iCqmRzE+7ZstNSkQkMxxurd2D8Ao9be96dR6CLqI825PpwJIDmPsndJ/UvJnb77pttAVGxPIQvPg+Hu3ILf/dw==][6+ezGS+fbc4EsbpDEQH1cMOn7psfNIz/TeQfTH4Zo6r7ySiflAvg1EqI2yUGMmLIwRw5W3g43kRh6n7hxhFvRQ==][ljnkUw36uPA6DJKEN2LCV/Awo3NWAPG7XG3aQodTzOhG5u8sAXWNxoBuv02YwfTJX8aedOzhLxK+DUttqYHhDw==]}
{"logTime": "0623/171013", "correlationVector":"zDzDS48wD60al/L/b38m2u.2","action":"EncryptionKeysManager::SetEncryptionKeysWithTimestamps:", "result":"Success", "context":Key timestamps[10]:[2022-07-07T17:37:15Z][2023-01-11T10:27:44Z][2023-08-24T08:01:17Z][2024-01-31T17:03:38Z][2024-03-17T14:37:01Z][2024-03-24T11:18:12Z][2024-11-28T11:02:12Z][2025-06-13T09:05:07Z][2025-12-16T15:35:41Z][2026-06-17T11:55:46Z]}
{"logTime": "0623/171013", "correlationVector":"JTCrpNOqQRdIQy0YYSqFo0","action":"Initial GetUpdates", "result":"", "context":Reason: NEW_CLIENT. cV=JTCrpNOqQRdIQy0YYSqFo0}
{"logTime": "0623/171013", "correlationVector":"JTCrpNOqQRdIQy0YYSqFo0.3","action":"GetUpdates Response", "result":"Success", "context":Received 1 update(s). cV=JTCrpNOqQRdIQy0YYSqFo0.0;server=akswtt00200003r;cloudType=Consumer;environment=Prod_westeurope_prod-s01-079-eur-westeurope;migrationStage=NotStarted}
{"logTime": "0623/171013", "correlationVector":"RHn5H7sgFqyVGvdsifEpNk","action":"Initial GetUpdates", "result":"", "context":Reason: NEWLY_SUPPORTED_DATATYPE. cV=RHn5H7sgFqyVGvdsifEpNk}
{"logTime": "0623/171014", "correlationVector":"RHn5H7sgFqyVGvdsifEpNk.1","action":"SyncServerConnectionManagerRequest", "result":"SYNC_SERVER_OK", "context":{"environment":"Prod_germanywestcentral_prod-s01-011-eur-germanywestcentral", "migrationStage":"NotStarted", "server":"akswtt10100003x"}}
{"logTime": "0623/171014", "correlationVector":"RHn5H7sgFqyVGvdsifEpNk.2","action":"ProcessGetUpdates", "result":"Done", "context":{"dataType":"Preferences", "deleted":"1", "process_failed_to_decrypt":"0", "process_pending_decryption":"0", "process_success":"75", "total":"75"}}
{"logTime": "0623/171014", "correlationVector":"RHn5H7sgFqyVGvdsifEpNk.3","action":"ProcessGetUpdates", "result":"Done", "context":{"dataType":"Passwords", "deleted":"0", "process_failed_to_decrypt":"0", "process_pending_decryption":"0", "process_success":"162", "total":"162"}}
{"logTime": "0623/171014", "correlationVector":"RHn5H7sgFqyVGvdsifEpNk.4","action":"ProcessGetUpdates", "result":"Done", "context":{"dataType":"Device Info", "deleted":"0", "process_failed_to_decrypt":"0", "process_pending_decryption":"0", "process_success":"13", "total":"13"}}
{"logTime": "0623/171014", "correlationVector":"RHn5H7sgFqyVGvdsifEpNk.5","action":"GetUpdates Response", "result":"Success", "context":Received 250 update(s). cV=RHn5H7sgFqyVGvdsifEpNk.0;server=akswtt10100003x;cloudType=Consumer;environment=Prod_germanywestcentral_prod-s01-011-eur-germanywestcentral;migrationStage=NotStarted Some updates remain.}
{"logTime": "0623/171014", "correlationVector":"sAfn4U6+yREK4Sc859T3Wc","action":"Initial GetUpdates", "result":"", "context":Reason: NEWLY_SUPPORTED_DATATYPE. cV=sAfn4U6+yREK4Sc859T3Wc}
{"logTime": "0623/171016", "correlationVector":"sAfn4U6+yREK4Sc859T3Wc.1","action":"SyncServerConnectionManagerRequest", "result":"SYNC_SERVER_OK", "context":{"environment":"Prod_germanywestcentral_prod-s01-011-eur-germanywestcentral", "migrationStage":"NotStarted", "server":"akswtt10100002z"}}
{"logTime": "0623/171016", "correlationVector":"sAfn4U6+yREK4Sc859T3Wc.2","action":"ProcessGetUpdates", "result":"Done", "context":{"dataType":"Preferences", "deleted":"0", "process_failed_to_decrypt":"0", "process_pending_decryption":"0", "process_success":"3", "total":"3"}}
{"logTime": "0623/171016", "correlationVector":"sAfn4U6+yREK4Sc859T3Wc.3","action":"ProcessGetUpdates", "result":"Done", "context":{"dataType":"Passwords", "deleted":"0", "process_failed_to_decrypt":"0", "process_pending_decryption":"0", "process_success":"182", "total":"182"}}
{"logTime": "0623/171016", "correlationVector":"sAfn4U6+yREK4Sc859T3Wc.4","action":"ProcessGetUpdates", "result":"Done", "context":{"dataType":"Device Info", "deleted":"0", "process_failed_to_decrypt":"0", "process_pending_decryption":"0", "process_success":"9", "total":"9"}}
{"logTime": "0623/171016", "correlationVector":"sAfn4U6+yREK4Sc859T3Wc.5","action":"GetUpdates Response", "result":"Success", "context":Received 194 update(s). cV=sAfn4U6+yREK4Sc859T3Wc.0;server=akswtt10100002z;cloudType=Consumer;environment=Prod_germanywestcentral_prod-s01-011-eur-germanywestcentral;migrationStage=NotStarted}
{"logTime": "0623/171016", "correlationVector":"6DpiswOU3W8H2ho0wXsBdp","action":"Initial GetUpdates", "result":"", "context":Reason: NEWLY_SUPPORTED_DATATYPE. cV=6DpiswOU3W8H2ho0wXsBdp}
{"logTime": "0623/171017", "correlationVector":"6DpiswOU3W8H2ho0wXsBdp.1","action":"SyncServerConnectionManagerRequest", "result":"SYNC_SERVER_OK", "context":{"environment":"Prod_westeurope_prod-s01-079-eur-westeurope", "migrationStage":"NotStarted", "server":"akswtt00200000i"}}
{"logTime": "0623/171017", "correlationVector":"6DpiswOU3W8H2ho0wXsBdp.2","action":"ProcessGetUpdates", "result":"Done", "context":{"dataType":"Bookmarks", "deleted":"0", "process_failed_to_decrypt":"0", "process_pending_decryption":"0", "process_success":"56", "total":"56"}}
{"logTime": "0623/171017", "correlationVector":"6DpiswOU3W8H2ho0wXsBdp.3","action":"GetUpdates Response", "result":"Success", "context":Received 56 update(s). cV=6DpiswOU3W8H2ho0wXsBdp.0;server=akswtt00200000i;cloudType=Consumer;environment=Prod_westeurope_prod-s01-079-eur-westeurope;migrationStage=NotStarted}
{"logTime": "0623/171017", "correlationVector":"x1TFEHlAL5HZ90Yv08b1i+","action":"Initial GetUpdates", "result":"", "context":Reason: NEWLY_SUPPORTED_DATATYPE. cV=x1TFEHlAL5HZ90Yv08b1i+}
{"logTime": "0623/171018", "correlationVector":"x1TFEHlAL5HZ90Yv08b1i+.1","action":"SyncServerConnectionManagerRequest", "result":"SYNC_SERVER_OK", "context":{"environment":"Prod_westeurope_prod-s01-079-eur-westeurope", "migrationStage":"NotStarted", "server":"akswtt00200003h"}}
{"logTime": "0623/171018", "correlationVector":"x1TFEHlAL5HZ90Yv08b1i+.2","action":"ProcessGetUpdates", "result":"Done", "context":{"dataType":"Autofill Profiles", "deleted":"1", "process_failed_to_decrypt":"0", "process_pending_decryption":"0", "process_success":"5", "total":"5"}}
{"logTime": "0623/171018", "correlationVector":"x1TFEHlAL5HZ90Yv08b1i+.3","action":"ProcessGetUpdates", "result":"Done", "context":{"dataType":"Autofill", "deleted":"0", "process_failed_to_decrypt":"0", "process_pending_decryption":"0", "process_success":"11", "total":"11"}}
{"logTime": "0623/171018", "correlationVector":"x1TFEHlAL5HZ90Yv08b1i+.4","action":"ProcessGetUpdates", "result":"Done", "context":{"dataType":"Extensions", "deleted":"0", "process_failed_to_decrypt":"0", "process_pending_decryption":"0", "process_success":"1", "total":"1"}}
{"logTime": "0623/171018", "correlationVector":"x1TFEHlAL5HZ90Yv08b1i+.5","action":"ProcessGetUpdates", "result":"Done", "context":{"dataType":"Sessions", "deleted":"36", "process_failed_to_decrypt":"0", "process_pending_decryption":"0", "process_success":"55", "total":"55"}}
{"logTime": "0623/171018", "correlationVector":"x1TFEHlAL5HZ90Yv08b1i+.6","action":"ProcessGetUpdates", "result":"Done", "context":{"dataType":"Edge Hub App Usage", "deleted":"0", "process_failed_to_decrypt":"0", "process_pending_decryption":"0", "process_success":"3", "total":"3"}}
{"logTime": "0623/171018", "correlationVector":"x1TFEHlAL5HZ90Yv08b1i+.7","action":"GetUpdates Response", "result":"Success", "context":Received 75 update(s). cV=x1TFEHlAL5HZ90Yv08b1i+.0;server=akswtt00200003h;cloudType=Consumer;environment=Prod_westeurope_prod-s01-079-eur-westeurope;migrationStage=NotStarted}
{"logTime": "0623/171018", "correlationVector":"/2vAnhUKa5r90nEsG9cRib","action":"Initial GetUpdates", "result":"", "context":Reason: NEWLY_SUPPORTED_DATATYPE. cV=/2vAnhUKa5r90nEsG9cRib}
{"logTime": "0623/171018", "correlationVector":"/2vAnhUKa5r90nEsG9cRib.1","action":"SyncServerConnectionManagerRequest", "result":"SYNC_SERVER_OK", "context":{"environment":"Prod_westeurope_prod-s01-079-eur-westeurope", "migrationStage":"NotStarted", "server":"akswtt002000033"}}
{"logTime": "0623/171018", "correlationVector":"/2vAnhUKa5r90nEsG9cRib.2","action":"ProcessGetUpdates", "result":"Done", "context":{"dataType":"History", "deleted":"0", "process_failed_to_decrypt":"0", "process_pending_decryption":"0", "process_success":"17", "total":"17"}}
{"logTime": "0623/171018", "correlationVector":"/2vAnhUKa5r90nEsG9cRib.3","action":"GetUpdates Response", "result":"Success", "context":Received 17 update(s). cV=/2vAnhUKa5r90nEsG9cRib.0;server=akswtt002000033;cloudType=Consumer;environment=Prod_westeurope_prod-s01-079-eur-westeurope;migrationStage=NotStarted}
{"logTime": "0623/171018", "correlationVector":"Gk7Y5pzXyQ0JZqRw6t9SiA","action":"Normal GetUpdate request", "result":"", "context":cV=Gk7Y5pzXyQ0JZqRw6t9SiA
Nudged types: Sessions, Device Info, User Consents
Refresh requested types: Bookmarks, Preferences, Passwords, Autofill Profiles, Autofill, Extensions, Sessions, Extension settings, History Delete Directives, Device Info, User Consents, Send Tab To Self, Web Apps, History, Saved Tab Group, WebAuthn Credentials, Edge E Drop, Edge Hub App Usage, Edge Wallet, Edge Workspace, Encryption Keys}
{"logTime": "0623/171020", "correlationVector":"Gk7Y5pzXyQ0JZqRw6t9SiA.1","action":"SyncServerConnectionManagerRequest", "result":"SYNC_SERVER_OK", "context":{"environment":"Prod_westeurope_prod-s01-079-eur-westeurope", "migrationStage":"NotStarted", "server":"akswtt00200003j"}}
{"logTime": "0623/171020", "correlationVector":"Gk7Y5pzXyQ0JZqRw6t9SiA.2","action":"GetUpdates Response", "result":"Success", "context":Received 0 update(s). cV=Gk7Y5pzXyQ0JZqRw6t9SiA.0;server=akswtt00200003j;cloudType=Consumer;environment=Prod_westeurope_prod-s01-079-eur-westeurope;migrationStage=NotStarted}
{"logTime": "0623/171020", "correlationVector":"bPA6RfRKBZEadC6Kvu7Um0","action":"DoCompareDataConsistency: ", "result":"has local changes and skip compare"}
{"logTime": "0623/171020", "correlationVector":"wxLFTRiISaIARCLZ0gpc0f","action":"Commit Request", "result":"", "context":Item count: 5
Contributing types: Sessions, Device Info, User Consents, History}
{"logTime": "0623/171021", "correlationVector":"wxLFTRiISaIARCLZ0gpc0f.1","action":"SyncServerConnectionManagerRequest", "result":"SYNC_SERVER_OK", "context":{"environment":"Prod_westeurope_prod-s01-079-eur-westeurope", "migrationStage":"NotStarted", "server":"akswtt00200001c"}}
{"logTime": "0623/171021", "correlationVector":"wxLFTRiISaIARCLZ0gpc0f.2","action":"Commit Response", "result":"Success", "context":Result: Success. cV=wxLFTRiISaIARCLZ0gpc0f.0;server=akswtt00200001c;cloudType=Consumer;environment=Prod_westeurope_prod-s01-079-eur-westeurope;migrationStage=NotStarted}
{"logTime": "0623/171021", "correlationVector":"wxLFTRiISaIARCLZ0gpc0f.3","action":"Commit.History", "result":"Conflict", "context":{"id":"", "isDeleted":"false", "size":"196", "version":"-1"}}
{"logTime": "0623/171022", "correlationVector":"COt9uynjzvVdjxeBItl0xU","action":"Normal GetUpdate request", "result":"", "context":cV=COt9uynjzvVdjxeBItl0xU
Nudged types: Sessions, Device Info, User Consents, History
Notified types: History
Refresh requested types: Bookmarks, Preferences, Passwords, Autofill Profiles, Autofill, Extensions, Sessions, Extension settings, History Delete Directives, Device Info, User Consents, Send Tab To Self, Web Apps, History, Saved Tab Group, WebAuthn Credentials, Edge E Drop, Edge Hub App Usage, Edge Wallet, Edge Workspace, Encryption Keys}
{"logTime": "0623/171023", "correlationVector":"COt9uynjzvVdjxeBItl0xU.1","action":"SyncServerConnectionManagerRequest", "result":"SYNC_SERVER_OK", "context":{"environment":"Prod_westeurope_prod-s01-079-eur-westeurope", "migrationStage":"NotStarted", "server":"akswtt00200003j"}}
{"logTime": "0623/171023", "correlationVector":"COt9uynjzvVdjxeBItl0xU.2","action":"ProcessGetUpdates", "result":"Done", "context":{"dataType":"Sessions", "deleted":"0", "process_failed_to_decrypt":"0", "process_pending_decryption":"0", "process_success":"4", "total":"4"}}
{"logTime": "0623/171023", "correlationVector":"COt9uynjzvVdjxeBItl0xU.3","action":"ProcessGetUpdates", "result":"Done", "context":{"dataType":"Device Info", "deleted":"0", "process_failed_to_decrypt":"0", "process_pending_decryption":"0", "process_success":"2", "total":"2"}}
{"logTime": "0623/171023", "correlationVector":"COt9uynjzvVdjxeBItl0xU.4","action":"ProcessGetUpdates", "result":"Done", "context":{"dataType":"History", "deleted":"0", "process_failed_to_decrypt":"0", "process_pending_decryption":"0", "process_success":"1", "total":"1"}}
{"logTime": "0623/171023", "correlationVector":"COt9uynjzvVdjxeBItl0xU.5","action":"GetUpdates Response", "result":"Success", "context":Received 7 update(s). cV=COt9uynjzvVdjxeBItl0xU.0;server=akswtt00200003j;cloudType=Consumer;environment=Prod_westeurope_prod-s01-079-eur-westeurope;migrationStage=NotStarted}
{"logTime": "0623/171027", "correlationVector":"8tjePxqSwK63VScZQps77r","action":"Commit Request", "result":"", "context":Item count: 1
Contributing types: Edge Hub App Usage}
{"logTime": "0623/171028", "correlationVector":"8tjePxqSwK63VScZQps77r.1","action":"SyncServerConnectionManagerRequest", "result":"SYNC_SERVER_OK", "context":{"environment":"Prod_westeurope_prod-s01-079-eur-westeurope", "migrationStage":"NotStarted", "server":"akswtt00200003r"}}
{"logTime": "0623/171028", "correlationVector":"8tjePxqSwK63VScZQps77r.2","action":"Commit Response", "result":"Success", "context":Result: Success. cV=8tjePxqSwK63VScZQps77r.0;server=akswtt00200003r;cloudType=Consumer;environment=Prod_westeurope_prod-s01-079-eur-westeurope;migrationStage=NotStarted}
{"logTime": "0623/171028", "correlationVector":"jIE84bGYEq14+/fSchjQZy","action":"Normal GetUpdate request", "result":"", "context":cV=jIE84bGYEq14+/fSchjQZy
Notified types: Edge Hub App Usage}
{"logTime": "0623/171029", "correlationVector":"jIE84bGYEq14+/fSchjQZy.1","action":"SyncServerConnectionManagerRequest", "result":"SYNC_SERVER_OK", "context":{"environment":"Prod_westeurope_prod-s01-079-eur-westeurope", "migrationStage":"NotStarted", "server":"akswtt00200000m"}}
{"logTime": "0623/171029", "correlationVector":"jIE84bGYEq14+/fSchjQZy.2","action":"ProcessGetUpdates", "result":"Done", "context":{"dataType":"Edge Hub App Usage", "deleted":"0", "process_failed_to_decrypt":"0", "process_pending_decryption":"0", "process_success":"2", "total":"2"}}
{"logTime": "0623/171029", "correlationVector":"jIE84bGYEq14+/fSchjQZy.3","action":"GetUpdates Response", "result":"Success", "context":Received 2 update(s). cV=jIE84bGYEq14+/fSchjQZy.0;server=akswtt00200000m;cloudType=Consumer;environment=Prod_westeurope_prod-s01-079-eur-westeurope;migrationStage=NotStarted}
{"logTime": "0623/171050", "correlationVector":"dQqqRBeiC1IgoiBXFsZv4N","action":"Normal GetUpdate request", "result":"", "context":cV=dQqqRBeiC1IgoiBXFsZv4N
Notified types: Device Info}
{"logTime": "0623/171050", "correlationVector":"dQqqRBeiC1IgoiBXFsZv4N.1","action":"SyncServerConnectionManagerRequest", "result":"SYNC_SERVER_OK", "context":{"environment":"Prod_westeurope_prod-s01-079-eur-westeurope", "migrationStage":"NotStarted", "server":"akswtt00200003j"}}
{"logTime": "0623/171050", "correlationVector":"dQqqRBeiC1IgoiBXFsZv4N.2","action":"ProcessGetUpdates", "result":"Done", "context":{"dataType":"Sessions", "deleted":"0", "process_failed_to_decrypt":"0", "process_pending_decryption":"0", "process_success":"2", "total":"2"}}
{"logTime": "0623/171050", "correlationVector":"dQqqRBeiC1IgoiBXFsZv4N.3","action":"ProcessGetUpdates", "result":"Done", "context":{"dataType":"Device Info", "deleted":"0", "process_failed_to_decrypt":"0", "process_pending_decryption":"0", "process_success":"1", "total":"1"}}
{"logTime": "0623/171050", "correlationVector":"dQqqRBeiC1IgoiBXFsZv4N.4","action":"GetUpdates Response", "result":"Success", "context":Received 3 update(s). cV=dQqqRBeiC1IgoiBXFsZv4N.0;server=akswtt00200003j;cloudType=Consumer;environment=Prod_westeurope_prod-s01-079-eur-westeurope;migrationStage=NotStarted}
{"logTime": "0623/171052", "correlationVector":"9h4Wzp1ZTJ74DoBaEnuLgA","action":"Normal GetUpdate request", "result":"", "context":cV=9h4Wzp1ZTJ74DoBaEnuLgA
Notified types: History}
{"logTime": "0623/171052", "correlationVector":"9h4Wzp1ZTJ74DoBaEnuLgA.1","action":"SyncServerConnectionManagerRequest", "result":"SYNC_SERVER_OK", "context":{"environment":"Prod_westeurope_prod-s01-079-eur-westeurope", "migrationStage":"NotStarted", "server":"akswtt00200003h"}}
{"logTime": "0623/171052", "correlationVector":"9h4Wzp1ZTJ74DoBaEnuLgA.2","action":"ProcessGetUpdates", "result":"Done", "context":{"dataType":"Sessions", "deleted":"0", "process_failed_to_decrypt":"0", "process_pending_decryption":"0", "process_success":"2", "total":"2"}}
{"logTime": "0623/171052", "correlationVector":"9h4Wzp1ZTJ74DoBaEnuLgA.3","action":"ProcessGetUpdates", "result":"Done", "context":{"dataType":"History", "deleted":"0", "process_failed_to_decrypt":"0", "process_pending_decryption":"0", "process_success":"1", "total":"1"}}
{"logTime": "0623/171052", "correlationVector":"9h4Wzp1ZTJ74DoBaEnuLgA.4","action":"GetUpdates Response", "result":"Success", "context":Received 3 update(s). cV=9h4Wzp1ZTJ74DoBaEnuLgA.0;server=akswtt00200003h;cloudType=Consumer;environment=Prod_westeurope_prod-s01-079-eur-westeurope;migrationStage=NotStarted}
{"logTime": "0623/171110", "correlationVector":"4rFwfL+O/SYSPmqo6czuBP","action":"Commit Request", "result":"", "context":Item count: 40
Contributing types: Passwords}
{"logTime": "0623/171114", "correlationVector":"4rFwfL+O/SYSPmqo6czuBP.1","action":"SyncServerConnectionManagerRequest", "result":"SYNC_SERVER_OK", "context":{"environment":"Prod_westeurope_prod-s01-079-eur-westeurope", "migrationStage":"NotStarted", "server":"akswtt00200000m"}}
{"logTime": "0623/171114", "correlationVector":"4rFwfL+O/SYSPmqo6czuBP.2","action":"Commit Response", "result":"Success", "context":Result: Success. cV=4rFwfL+O/SYSPmqo6czuBP.0;server=akswtt00200000m;cloudType=Consumer;environment=Prod_westeurope_prod-s01-079-eur-westeurope;migrationStage=NotStarted}
{"logTime": "0623/171114", "correlationVector":"4rFwfL+O/SYSPmqo6czuBP.3","action":"Commit.Passwords", "result":"Conflict", "context":{"id":"422b9754-fa25-4fee-9d75-c154211ca5fb", "isDeleted":"false", "size":"718", "version":"1781697352321"}}
{"logTime": "0623/171114", "correlationVector":"4rFwfL+O/SYSPmqo6czuBP.4","action":"Commit.Passwords", "result":"Conflict", "context":{"id":"0776f651-5e78-4700-814d-5873916c75e7", "isDeleted":"false", "size":"930", "version":"1781697374705"}}
{"logTime": "0623/171114", "correlationVector":"4rFwfL+O/SYSPmqo6czuBP.5","action":"Commit.Passwords", "result":"Conflict", "context":{"id":"53dbe659-d512-4950-a4b3-296665e2864a", "isDeleted":"false", "size":"662", "version":"1781697364869"}}
{"logTime": "0623/171114", "correlationVector":"4rFwfL+O/SYSPmqo6czuBP.6","action":"Commit.Passwords", "result":"Conflict", "context":{"id":"6264e388-349d-4d72-ac1e-cbda1f8336f1", "isDeleted":"false", "size":"687", "version":"1781697372606"}}
{"logTime": "0623/171114", "correlationVector":"4rFwfL+O/SYSPmqo6czuBP.7","action":"Commit.Passwords", "result":"Conflict", "context":{"id":"f7f3ec6f-f804-4cdb-a827-29ed738577c3", "isDeleted":"false", "size":"980", "version":"1781697348330"}}
{"logTime": "0623/171114", "correlationVector":"4rFwfL+O/SYSPmqo6czuBP.8","action":"Commit.Passwords", "result":"Conflict", "context":{"id":"87a57abe-92b5-4aaa-a0f6-f779191bef07", "isDeleted":"false", "size":"736", "version":"1781697370260"}}
{"logTime": "0623/171114", "correlationVector":"4rFwfL+O/SYSPmqo6czuBP.9","action":"Commit.Passwords", "result":"Conflict", "context":{"id":"e0deb582-5340-4013-ab8c-0891abd26972", "isDeleted":"false", "size":"671", "version":"1781697372610"}}
{"logTime": "0623/171114", "correlationVector":"4rFwfL+O/SYSPmqo6czuBP.10","action":"Commit.Passwords", "result":"Conflict", "context":{"id":"fac6d21a-19de-41b1-ac66-cc93b2614044", "isDeleted":"false", "size":"845", "version":"1781697359673"}}
{"logTime": "0623/171114", "correlationVector":"4rFwfL+O/SYSPmqo6czuBP.11","action":"Commit.Passwords", "result":"Conflict", "context":{"id":"3e70cb3a-ed97-4b7c-9349-771e2fad7b4c", "isDeleted":"false", "size":"714", "version":"1781697352338"}}
{"logTime": "0623/171114", "correlationVector":"4rFwfL+O/SYSPmqo6czuBP.12","action":"Commit.Passwords", "result":"Conflict", "context":{"id":"b9aaa0cd-633e-4d8c-aa6b-cbd837096bcb", "isDeleted":"false", "size":"736", "version":"1781697356257"}}
{"logTime": "0623/171114", "correlationVector":"4rFwfL+O/SYSPmqo6czuBP.13","action":"Commit.Passwords", "result":"Conflict", "context":{"id":"e11e017c-17c7-4431-98f0-7b043589d3d2", "isDeleted":"false", "size":"731", "version":"1781697370224"}}
{"logTime": "0623/171114", "correlationVector":"4rFwfL+O/SYSPmqo6czuBP.14","action":"Commit.Passwords", "result":"Conflict", "context":{"id":"e344e9bd-95ff-49a6-980c-e76ea59033b5", "isDeleted":"false", "size":"711", "version":"1781697370241"}}
{"logTime": "0623/171114", "correlationVector":"4rFwfL+O/SYSPmqo6czuBP.15","action":"Commit.Passwords", "result":"Conflict", "context":{"id":"48040cea-7f64-4036-90e7-b1d3de45a4c3", "isDeleted":"false", "size":"894", "version":"1781697370261"}}
{"logTime": "0623/171114", "correlationVector":"4rFwfL+O/SYSPmqo6czuBP.16","action":"Commit.Passwords", "result":"Conflict", "context":{"id":"8d1297da-a6f4-45ca-87c6-5fb873e86fc6", "isDeleted":"false", "size":"687", "version":"1781697364852"}}
{"logTime": "0623/171114", "correlationVector":"4rFwfL+O/SYSPmqo6czuBP.17","action":"Commit.Passwords", "result":"Conflict", "context":{"id":"1d8e5752-fb0b-4fe1-a9c0-d3d94678dd8e", "isDeleted":"false", "size":"684", "version":"1781697374709"}}
{"logTime": "0623/171114", "correlationVector":"4rFwfL+O/SYSPmqo6czuBP.18","action":"Commit.Passwords", "result":"Conflict", "context":{"id":"261136bc-dc34-4528-b842-5f641fbef051", "isDeleted":"false", "size":"734", "version":"1781697367736"}}
{"logTime": "0623/171114", "correlationVector":"4rFwfL+O/SYSPmqo6czuBP.19","action":"Commit.Passwords", "result":"Conflict", "context":{"id":"c2f40799-a9a0-4c22-a9fb-2f2e6b09d404", "isDeleted":"false", "size":"606", "version":"1781697367738"}}
{"logTime": "0623/171114", "correlationVector":"4rFwfL+O/SYSPmqo6czuBP.20","action":"Commit.Passwords", "result":"Conflict", "context":{"id":"d0c6617a-24ee-4f55-969e-3e704de9ec49", "isDeleted":"false", "size":"709", "version":"1781697374706"}}
{"logTime": "0623/171114", "correlationVector":"4rFwfL+O/SYSPmqo6czuBP.21","action":"Commit.Passwords", "result":"Conflict", "context":{"id":"45d76f87-50b1-46d8-a16a-967158c024ab", "isDeleted":"false", "size":"736", "version":"1781697352332"}}
{"logTime": "0623/171114", "correlationVector":"4rFwfL+O/SYSPmqo6czuBP.22","action":"Commit.Passwords", "result":"Conflict", "context":{"id":"a1529ae1-e2ec-4799-ad23-f9cd1c5faf56", "isDeleted":"false", "size":"644", "version":"1781697367748"}}
{"logTime": "0623/171114", "correlationVector":"4rFwfL+O/SYSPmqo6czuBP.23","action":"Commit.Passwords", "result":"Conflict", "context":{"id":"07eafa14-e173-4253-b018-4f37dd6e1f2c", "isDeleted":"false", "size":"688", "version":"1781697348303"}}
{"logTime": "0623/171114", "correlationVector":"4rFwfL+O/SYSPmqo6czuBP.24","action":"Commit.Passwords", "result":"Conflict", "context":{"id":"5e51738b-4a8c-4782-9033-7c7e296e9a56", "isDeleted":"false", "size":"688", "version":"1781697364855"}}
{"logTime": "0623/171114", "correlationVector":"4rFwfL+O/SYSPmqo6czuBP.25","action":"Commit.Passwords", "result":"Conflict", "context":{"id":"b7b8efae-a6e9-4850-b23f-483d56353a9d", "isDeleted":"false", "size":"668", "version":"1781697367731"}}
{"logTime": "0623/171114", "correlationVector":"4rFwfL+O/SYSPmqo6czuBP.26","action":"Commit.Passwords", "result":"Conflict", "context":{"id":"f7c2b228-2a79-4899-b4a6-294831e327b9", "isDeleted":"false", "size":"714", "version":"1781697370247"}}
{"logTime": "0623/171114", "correlationVector":"4rFwfL+O/SYSPmqo6czuBP.27","action":"Commit.Passwords", "result":"Conflict", "context":{"id":"f9e47894-7512-46a9-b4de-acd235e991f5", "isDeleted":"false", "size":"827", "version":"1781697352318"}}
{"logTime": "0623/171114", "correlationVector":"4rFwfL+O/SYSPmqo6czuBP.28","action":"Commit.Passwords", "result":"Conflict", "context":{"id":"c4817361-1ab6-4cb3-8192-495f3401f408", "isDeleted":"false", "size":"685", "version":"1781697359695"}}
{"logTime": "0623/171114", "correlationVector":"4rFwfL+O/SYSPmqo6czuBP.29","action":"Commit.Passwords", "result":"Conflict", "context":{"id":"1b6fef71-2b7a-4014-a6d3-cbbfcaea2556", "isDeleted":"false", "size":"762", "version":"1781697372592"}}
{"logTime": "0623/171114", "correlationVector":"4rFwfL+O/SYSPmqo6czuBP.30","action":"Commit.Passwords", "result":"Conflict", "context":{"id":"2425dfdc-ad33-49fc-966e-5935567aa9da", "isDeleted":"false", "size":"757", "version":"1781697374707"}}
{"logTime": "0623/171114", "correlationVector":"4rFwfL+O/SYSPmqo6czuBP.31","action":"Commit.Passwords", "result":"Conflict", "context":{"id":"2dc38d35-f23f-4baa-99c6-6a369b5f11f8", "isDeleted":"false", "size":"668", "version":"1781697367733"}}
{"logTime": "0623/171114", "correlationVector":"4rFwfL+O/SYSPmqo6czuBP.32","action":"Commit.Passwords", "result":"Conflict", "context":{"id":"21e0875d-1c44-46b9-b5c0-183dec7cf8a6", "isDeleted":"false", "size":"946", "version":"1781697352341"}}
{"logTime": "0623/171114", "correlationVector":"4rFwfL+O/SYSPmqo6czuBP.33","action":"Commit.Passwords", "result":"Conflict", "context":{"id":"14306897-81e6-4e50-8c5d-d1bb5ad8c16e", "isDeleted":"false", "size":"625", "version":"1781697372600"}}
{"logTime": "0623/171114", "correlationVector":"4rFwfL+O/SYSPmqo6czuBP.34","action":"Commit.Passwords", "result":"Conflict", "context":{"id":"940ca0e5-c0a0-4ca9-84cd-c546979c5f21", "isDeleted":"false", "size":"717", "version":"1781697359688"}}
{"logTime": "0623/171114", "correlationVector":"4rFwfL+O/SYSPmqo6czuBP.35","action":"Commit.Passwords", "result":"Conflict", "context":{"id":"774869fe-5ee5-4514-961c-d8fa87e0a9bb", "isDeleted":"false", "size":"645", "version":"1781697359697"}}
{"logTime": "0623/171114", "correlationVector":"4rFwfL+O/SYSPmqo6czuBP.36","action":"Commit.Passwords", "result":"Conflict", "context":{"id":"483bf945-2cf5-41a7-a3b7-5daa4fefe218", "isDeleted":"false", "size":"713", "version":"1781697352322"}}
{"logTime": "0623/171114", "correlationVector":"4rFwfL+O/SYSPmqo6czuBP.37","action":"Commit.Passwords", "result":"Conflict", "context":{"id":"4e1aa0da-2b7e-4e3d-b27d-06f48a5a7673", "isDeleted":"false", "size":"690", "version":"1781697348302"}}
{"logTime": "0623/171114", "correlationVector":"4rFwfL+O/SYSPmqo6czuBP.38","action":"Commit.Passwords", "result":"Conflict", "context":{"id":"6d6a2677-4e39-4845-8493-41972645e67f", "isDeleted":"false", "size":"670", "version":"1781697348331"}}
{"logTime": "0623/171114", "correlationVector":"4rFwfL+O/SYSPmqo6czuBP.39","action":"Commit.Passwords", "result":"Conflict", "context":{"id":"3d9cab75-272d-418f-a46b-3e589f209cc8", "isDeleted":"false", "size":"736", "version":"1781697348340"}}
{"logTime": "0623/171114", "correlationVector":"4rFwfL+O/SYSPmqo6czuBP.40","action":"Commit.Passwords", "result":"Conflict", "context":{"id":"b28255b6-c17f-40c2-807f-80c6a13ecc26", "isDeleted":"false", "size":"738", "version":"1781697370255"}}
{"logTime": "0623/171114", "correlationVector":"4rFwfL+O/SYSPmqo6czuBP.41","action":"Commit.Passwords", "result":"Conflict", "context":{"id":"dd175eea-9073-4d4d-bc38-aa3705663094", "isDeleted":"false", "size":"631", "version":"1781697356290"}}
{"logTime": "0623/171114", "correlationVector":"4rFwfL+O/SYSPmqo6czuBP.42","action":"Commit.Passwords", "result":"Conflict", "context":{"id":"ff5b6b84-d544-48f7-a690-1323f485e306", "isDeleted":"false", "size":"777", "version":"1781697364868"}}
{"logTime": "0623/171115", "correlationVector":"hO7RZl003ob4s87f8EKzf5","action":"Normal GetUpdate request", "result":"", "context":cV=hO7RZl003ob4s87f8EKzf5
Nudged types: Preferences, Passwords}
{"logTime": "0623/171115", "correlationVector":"hO7RZl003ob4s87f8EKzf5.1","action":"SyncServerConnectionManagerRequest", "result":"SYNC_SERVER_OK", "context":{"environment":"Prod_westeurope_prod-s01-079-eur-westeurope", "migrationStage":"NotStarted", "server":"akswtt002000030"}}
{"logTime": "0623/171115", "correlationVector":"hO7RZl003ob4s87f8EKzf5.2","action":"ProcessGetUpdates", "result":"Done", "context":{"dataType":"Passwords", "deleted":"0", "process_failed_to_decrypt":"0", "process_pending_decryption":"0", "process_success":"31", "total":"31"}}
{"logTime": "0623/171115", "correlationVector":"hO7RZl003ob4s87f8EKzf5.3","action":"GetUpdates Response", "result":"Success", "context":Received 31 update(s). cV=hO7RZl003ob4s87f8EKzf5.0;server=akswtt002000030;cloudType=Consumer;environment=Prod_westeurope_prod-s01-079-eur-westeurope;migrationStage=NotStarted}
{"logTime": "0623/171115", "correlationVector":"i8+RfgqYeNutGzq7Y4HHqk","action":"Commit Request", "result":"", "context":Item count: 40
Contributing types: Passwords}
{"logTime": "0623/171118", "correlationVector":"i8+RfgqYeNutGzq7Y4HHqk.1","action":"SyncServerConnectionManagerRequest", "result":"SYNC_SERVER_OK", "context":{"environment":"Prod_westeurope_prod-s01-079-eur-westeurope", "migrationStage":"NotStarted", "server":"akswtt00200000m"}}
{"logTime": "0623/171118", "correlationVector":"i8+RfgqYeNutGzq7Y4HHqk.3","action":"Commit.Passwords", "result":"Conflict", "context":{"id":"d0c6617a-24ee-4f55-969e-3e704de9ec49", "isDeleted":"false", "size":"709", "version":"1781697374706"}}
{"logTime": "0623/171118", "correlationVector":"i8+RfgqYeNutGzq7Y4HHqk.2","action":"Commit Response", "result":"Success", "context":Result: Success. cV=i8+RfgqYeNutGzq7Y4HHqk.0;server=akswtt00200000m;cloudType=Consumer;environment=Prod_westeurope_prod-s01-079-eur-westeurope;migrationStage=NotStarted}
{"logTime": "0623/171118", "correlationVector":"i8+RfgqYeNutGzq7Y4HHqk.4","action":"Commit.Passwords", "result":"Conflict", "context":{"id":"45d76f87-50b1-46d8-a16a-967158c024ab", "isDeleted":"false", "size":"736", "version":"1781697352332"}}
{"logTime": "0623/171118", "correlationVector":"i8+RfgqYeNutGzq7Y4HHqk.5","action":"Commit.Passwords", "result":"Conflict", "context":{"id":"a1529ae1-e2ec-4799-ad23-f9cd1c5faf56", "isDeleted":"false", "size":"644", "version":"1781697367748"}}
{"logTime": "0623/171118", "correlationVector":"i8+RfgqYeNutGzq7Y4HHqk.6","action":"Commit.Passwords", "result":"Conflict", "context":{"id":"07eafa14-e173-4253-b018-4f37dd6e1f2c", "isDeleted":"false", "size":"668", "version":"1781697348303"}}
{"logTime": "0623/171118", "correlationVector":"i8+RfgqYeNutGzq7Y4HHqk.7","action":"Commit.Passwords", "result":"Conflict", "context":{"id":"5e51738b-4a8c-4782-9033-7c7e296e9a56", "isDeleted":"false", "size":"688", "version":"1781697364855"}}
{"logTime": "0623/171118", "correlationVector":"i8+RfgqYeNutGzq7Y4HHqk.8","action":"Commit.Passwords", "result":"Conflict", "context":{"id":"b7b8efae-a6e9-4850-b23f-483d56353a9d", "isDeleted":"false", "size":"644", "version":"1781697367731"}}
{"logTime": "0623/171118", "correlationVector":"i8+RfgqYeNutGzq7Y4HHqk.9","action":"Commit.Passwords", "result":"Conflict", "context":{"id":"f9e47894-7512-46a9-b4de-acd235e991f5", "isDeleted":"false", "size":"807", "version":"1781697352318"}}
{"logTime": "0623/171118", "correlationVector":"i8+RfgqYeNutGzq7Y4HHqk.10","action":"Commit.Passwords", "result":"Conflict", "context":{"id":"c4817361-1ab6-4cb3-8192-495f3401f408", "isDeleted":"false", "size":"685", "version":"1781697359695"}}
{"logTime": "0623/171118", "correlationVector":"i8+RfgqYeNutGzq7Y4HHqk.11","action":"Commit.Passwords", "result":"Conflict", "context":{"id":"1b6fef71-2b7a-4014-a6d3-cbbfcaea2556", "isDeleted":"false", "size":"742", "version":"1781697372592"}}
{"logTime": "0623/171118", "correlationVector":"i8+RfgqYeNutGzq7Y4HHqk.12","action":"Commit.Passwords", "result":"Conflict", "context":{"id":"2425dfdc-ad33-49fc-966e-5935567aa9da", "isDeleted":"false", "size":"737", "version":"1781697374707"}}
{"logTime": "0623/171118", "correlationVector":"i8+RfgqYeNutGzq7Y4HHqk.13","action":"Commit.Passwords", "result":"Conflict", "context":{"id":"2dc38d35-f23f-4baa-99c6-6a369b5f11f8", "isDeleted":"false", "size":"644", "version":"1781697367733"}}
{"logTime": "0623/171118", "correlationVector":"i8+RfgqYeNutGzq7Y4HHqk.14","action":"Commit.Passwords", "result":"Conflict", "context":{"id":"21e0875d-1c44-46b9-b5c0-183dec7cf8a6", "isDeleted":"false", "size":"946", "version":"1781697352341"}}
{"logTime": "0623/171118", "correlationVector":"i8+RfgqYeNutGzq7Y4HHqk.15","action":"Commit.Passwords", "result":"Conflict", "context":{"id":"14306897-81e6-4e50-8c5d-d1bb5ad8c16e", "isDeleted":"false", "size":"605", "version":"1781697372600"}}
{"logTime": "0623/171118", "correlationVector":"i8+RfgqYeNutGzq7Y4HHqk.16","action":"Commit.Passwords", "result":"Conflict", "context":{"id":"940ca0e5-c0a0-4ca9-84cd-c546979c5f21", "isDeleted":"false", "size":"697", "version":"1781697359688"}}
{"logTime": "0623/171118", "correlationVector":"i8+RfgqYeNutGzq7Y4HHqk.17","action":"Commit.Passwords", "result":"Conflict", "context":{"id":"66b69b5a-a0cf-4116-a4be-2259c55dc230", "isDeleted":"false", "size":"815", "version":"1781697359694"}}
{"logTime": "0623/171118", "correlationVector":"i8+RfgqYeNutGzq7Y4HHqk.18","action":"Commit.Passwords", "result":"Conflict", "context":{"id":"483bf945-2cf5-41a7-a3b7-5daa4fefe218", "isDeleted":"false", "size":"713", "version":"1781697352322"}}
{"logTime": "0623/171118", "correlationVector":"i8+RfgqYeNutGzq7Y4HHqk.19","action":"Commit.Passwords", "result":"Conflict", "context":{"id":"4e1aa0da-2b7e-4e3d-b27d-06f48a5a7673", "isDeleted":"false", "size":"670", "version":"1781697348302"}}
{"logTime": "0623/171118", "correlationVector":"i8+RfgqYeNutGzq7Y4HHqk.20","action":"Commit.Passwords", "result":"Conflict", "context":{"id":"6d6a2677-4e39-4845-8493-41972645e67f", "isDeleted":"false", "size":"646", "version":"1781697348331"}}
{"logTime": "0623/171118", "correlationVector":"i8+RfgqYeNutGzq7Y4HHqk.21","action":"Commit.Passwords", "result":"Conflict", "context":{"id":"3d9cab75-272d-418f-a46b-3e589f209cc8", "isDeleted":"false", "size":"712", "version":"1781697348340"}}
{"logTime": "0623/171118", "correlationVector":"i8+RfgqYeNutGzq7Y4HHqk.22","action":"Commit.Passwords", "result":"Conflict", "context":{"id":"b28255b6-c17f-40c2-807f-80c6a13ecc26", "isDeleted":"false", "size":"714", "version":"1781697370255"}}
{"logTime": "0623/171118", "correlationVector":"i8+RfgqYeNutGzq7Y4HHqk.23","action":"Commit.Passwords", "result":"Conflict", "context":{"id":"4373bb49-cfe4-4370-9b9e-4d2f00710fd7", "isDeleted":"false", "size":"650", "version":"1781697352324"}}
{"logTime": "0623/171118", "correlationVector":"i8+RfgqYeNutGzq7Y4HHqk.24","action":"Commit.Passwords", "result":"Conflict", "context":{"id":"dd175eea-9073-4d4d-bc38-aa3705663094", "isDeleted":"false", "size":"611", "version":"1781697356290"}}
{"logTime": "0623/171118", "correlationVector":"i8+RfgqYeNutGzq7Y4HHqk.25","action":"Commit.Passwords", "result":"Conflict", "context":{"id":"ff5b6b84-d544-48f7-a690-1323f485e306", "isDeleted":"false", "size":"757", "version":"1781697364868"}}
{"logTime": "0623/171118", "correlationVector":"i8+RfgqYeNutGzq7Y4HHqk.26","action":"Commit.Passwords", "result":"Conflict", "context":{"id":"cbc3cf92-dce3-4679-852a-25788568868d", "isDeleted":"false", "size":"736", "version":"1781697352330"}}
{"logTime": "0623/171118", "correlationVector":"i8+RfgqYeNutGzq7Y4HHqk.27","action":"Commit.Passwords", "result":"Conflict", "context":{"id":"f0ae4ea5-59c1-4781-b90d-cb88b0b996a8", "isDeleted":"false", "size":"663", "version":"1781697348327"}}
{"logTime": "0623/171118", "correlationVector":"i8+RfgqYeNutGzq7Y4HHqk.28","action":"Commit.Passwords", "result":"Conflict", "context":{"id":"00b8bb72-a1e9-4666-96db-649f1c153e08", "isDeleted":"false", "size":"667", "version":"1781697356263"}}
{"logTime": "0623/171118", "correlationVector":"i8+RfgqYeNutGzq7Y4HHqk.29","action":"Commit.Passwords", "result":"Conflict", "context":{"id":"23861e83-760b-4b97-b50f-a5090d53a08a", "isDeleted":"false", "size":"622", "version":"1781697372619"}}
{"logTime": "0623/171118", "correlationVector":"i8+RfgqYeNutGzq7Y4HHqk.30","action":"Commit.Passwords", "result":"Conflict", "context":{"id":"4abc32d4-17f3-4399-9cd1-80a53cb1ca37", "isDeleted":"false", "size":"954", "version":"1781697374714"}}
{"logTime": "0623/171118", "correlationVector":"i8+RfgqYeNutGzq7Y4HHqk.31","action":"Commit.Passwords", "result":"Conflict", "context":{"id":"24c25cf5-a62b-41de-aa36-1f467da1f5ee", "isDeleted":"false", "size":"709", "version":"1781697364851"}}
{"logTime": "0623/171118", "correlationVector":"i8+RfgqYeNutGzq7Y4HHqk.32","action":"Commit.Passwords", "result":"Conflict", "context":{"id":"4f1282e3-05e0-4eb2-9c7a-2535c49c63c0", "isDeleted":"false", "size":"669", "version":"1781697367756"}}
{"logTime": "0623/171118", "correlationVector":"i8+RfgqYeNutGzq7Y4HHqk.33","action":"Commit.Passwords", "result":"Conflict", "context":{"id":"62ce6a90-a755-4ad5-9617-de3831275415", "isDeleted":"false", "size":"625", "version":"1781697367728"}}
{"logTime": "0623/171118", "correlationVector":"i8+RfgqYeNutGzq7Y4HHqk.34","action":"Commit.Passwords", "result":"Conflict", "context":{"id":"fa510399-bb38-48c4-bd74-41a4ba6ff7c2", "isDeleted":"false", "size":"733", "version":"1781697356283"}}
{"logTime": "0623/171118", "correlationVector":"i8+RfgqYeNutGzq7Y4HHqk.35","action":"Commit.Passwords", "result":"Conflict", "context":{"id":"679e5f5a-a317-478b-91e7-3926656653fb", "isDeleted":"false", "size":"685", "version":"1781697364860"}}
{"logTime": "0623/171118", "correlationVector":"i8+RfgqYeNutGzq7Y4HHqk.36","action":"Commit.Passwords", "result":"Conflict", "context":{"id":"c4ee2096-3412-4295-b3bc-97e3d5b89a1d", "isDeleted":"false", "size":"625", "version":"1781697356261"}}
{"logTime": "0623/171118", "correlationVector":"i8+RfgqYeNutGzq7Y4HHqk.37","action":"Commit.Passwords", "result":"Conflict", "context":{"id":"07339c12-2300-4bdc-93b0-5db3cf8212e4", "isDeleted":"false", "size":"733", "version":"1781697372605"}}
{"logTime": "0623/171118", "correlationVector":"i8+RfgqYeNutGzq7Y4HHqk.38","action":"Commit.Passwords", "result":"Conflict", "context":{"id":"50099f10-dad7-4749-8c0f-0e209e06a576", "isDeleted":"false", "size":"954", "version":"1781697356268"}}
{"logTime": "0623/171118", "correlationVector":"i8+RfgqYeNutGzq7Y4HHqk.39","action":"Commit.Passwords", "result":"Conflict", "context":{"id":"07443752-2590-4e6c-8057-a04bd90421db", "isDeleted":"false", "size":"667", "version":"1781697356295"}}
{"logTime": "0623/171118", "correlationVector":"i8+RfgqYeNutGzq7Y4HHqk.40","action":"Commit.Passwords", "result":"Conflict", "context":{"id":"0f30b389-38fa-4021-900d-f0183fae7606", "isDeleted":"false", "size":"617", "version":"1781697367739"}}
{"logTime": "0623/171118", "correlationVector":"i8+RfgqYeNutGzq7Y4HHqk.41","action":"Commit.Passwords", "result":"Conflict", "context":{"id":"75b50723-1562-4e17-b42c-56380b2827f3", "isDeleted":"false", "size":"708", "version":"1781697356269"}}
{"logTime": "0623/171118", "correlationVector":"i8+RfgqYeNutGzq7Y4HHqk.42","action":"Commit.Passwords", "result":"Conflict", "context":{"id":"9646de3e-7729-4fba-844a-35ca3b74ebed", "isDeleted":"false", "size":"738", "version":"1781697364873"}}
{"logTime": "0623/171119", "correlationVector":"LLCk2CmVYhEz9gWKMwf0+i","action":"Commit Request", "result":"", "context":Item count: 1
Contributing types: Preferences}
{"logTime": "0623/171119", "correlationVector":"LLCk2CmVYhEz9gWKMwf0+i.1","action":"SyncServerConnectionManagerRequest", "result":"SYNC_SERVER_OK", "context":{"environment":"Prod_westeurope_prod-s01-079-eur-westeurope", "migrationStage":"NotStarted", "server":"akswtt00200003r"}}
{"logTime": "0623/171119", "correlationVector":"LLCk2CmVYhEz9gWKMwf0+i.2","action":"Commit Response", "result":"Success", "context":Result: Success. cV=LLCk2CmVYhEz9gWKMwf0+i.0;server=akswtt00200003r;cloudType=Consumer;environment=Prod_westeurope_prod-s01-079-eur-westeurope;migrationStage=NotStarted}
