{"logTime": "0623/171123", "correlationVector":"em/z2oe8RXIi2ov34RIz/O.1","action":"SyncServerConnectionManagerRequest", "result":"SYNC_SERVER_OK", "context":{"environment":"Prod_westeurope_prod-s01-079-eur-westeurope", "migrationStage":"NotStarted", "server":"akswtt002000004"}}
{"logTime": "0623/171123", "correlationVector":"em/z2oe8RXIi2ov34RIz/O.2","action":"ProcessGetUpdates", "result":"Done", "context":{"dataType":"Encryption Keys", "deleted":"0", "process_failed_to_decrypt":"0", "process_pending_decryption":"0", "process_success":"1", "total":"1"}}
{"logTime": "0623/171125", "correlationVector":"LRXs7/YF0fwOxkdNXuBqNP","action":"SyncServerConnectionManagerRequest", "result":"SYNC_SERVER_ERROR", "context":{"environment":"", "error_type":"http_status_code", "error_value":"400", "migrationStage":"", "server":""}}
{"logTime": "0623/171125", "correlationVector":"em/z2oe8RXIi2ov34RIz/O","action":"Initial GetUpdates", "result":"", "context":Reason: NEW_CLIENT. cV=em/z2oe8RXIi2ov34RIz/O}
{"logTime": "0623/171125", "correlationVector":"em/z2oe8RXIi2ov34RIz/O.3","action":"GetUpdates Response", "result":"Success", "context":Received 1 update(s). cV=em/z2oe8RXIi2ov34RIz/O.0;server=akswtt002000004;cloudType=Consumer;environment=Prod_westeurope_prod-s01-079-eur-westeurope;migrationStage=NotStarted}
{"logTime": "0623/171125", "correlationVector":"6ocJmYugpyL+q4tv9GDZRZ","action":"Initial GetUpdates", "result":"", "context":Reason: NEW_CLIENT. cV=6ocJmYugpyL+q4tv9GDZRZ}
{"logTime": "0623/171126", "correlationVector":"6ocJmYugpyL+q4tv9GDZRZ.1","action":"SyncServerConnectionManagerRequest", "result":"SYNC_SERVER_OK", "context":{"environment":"Prod_westeurope_prod-s01-079-eur-westeurope", "migrationStage":"NotStarted", "server":"akswtt00200000i"}}
{"logTime": "0623/171126", "correlationVector":"6ocJmYugpyL+q4tv9GDZRZ.2","action":"ProcessGetUpdates", "result":"Done", "context":{"dataType":"Preferences", "deleted":"0", "process_failed_to_decrypt":"0", "process_pending_decryption":"0", "process_success":"77", "total":"77"}}
{"logTime": "0623/171126", "correlationVector":"6ocJmYugpyL+q4tv9GDZRZ.3","action":"ProcessGetUpdates", "result":"Done", "context":{"dataType":"Device Info", "deleted":"0", "process_failed_to_decrypt":"0", "process_pending_decryption":"0", "process_success":"25", "total":"25"}}
{"logTime": "0623/171126", "correlationVector":"6ocJmYugpyL+q4tv9GDZRZ.4","action":"GetUpdates Response", "result":"Success", "context":Received 102 update(s). cV=6ocJmYugpyL+q4tv9GDZRZ.0;server=akswtt00200000i;cloudType=Consumer;environment=Prod_westeurope_prod-s01-079-eur-westeurope;migrationStage=NotStarted}
{"logTime": "0623/171127", "correlationVector":"Rq4Qz8/5rkvkpnGB/XuS/F","action":"SyncServerConnectionManagerRequest", "result":"SYNC_SERVER_ERROR", "context":{"environment":"", "error_type":"http_status_code", "error_value":"400", "migrationStage":"", "server":""}}
{"logTime": "0623/171127", "correlationVector":"TTbn3YCO4rzsJiGnDmfb2J","action":"Initial GetUpdates", "result":"", "context":Reason: NEW_CLIENT. cV=TTbn3YCO4rzsJiGnDmfb2J}
{"logTime": "0623/171128", "correlationVector":"TTbn3YCO4rzsJiGnDmfb2J.1","action":"SyncServerConnectionManagerRequest", "result":"SYNC_SERVER_OK", "context":{"environment":"Prod_westeurope_prod-s01-079-eur-westeurope", "migrationStage":"NotStarted", "server":"akswtt002000033"}}
{"logTime": "0623/171128", "correlationVector":"TTbn3YCO4rzsJiGnDmfb2J.2","action":"ProcessGetUpdates", "result":"Done", "context":{"dataType":"Bookmarks", "deleted":"0", "process_failed_to_decrypt":"0", "process_pending_decryption":"0", "process_success":"56", "total":"56"}}
{"logTime": "0623/171128", "correlationVector":"TTbn3YCO4rzsJiGnDmfb2J.3","action":"GetUpdates Response", "result":"Success", "context":Received 56 update(s). cV=TTbn3YCO4rzsJiGnDmfb2J.0;server=akswtt002000033;cloudType=Consumer;environment=Prod_westeurope_prod-s01-079-eur-westeurope;migrationStage=NotStarted}
{"logTime": "0623/171129", "correlationVector":"phuwyXw/cgYYLTvbfKanBM","action":"SyncServerConnectionManagerRequest", "result":"SYNC_SERVER_ERROR", "context":{"environment":"", "error_type":"http_status_code", "error_value":"400", "migrationStage":"", "server":""}}
{"logTime": "0623/171129", "correlationVector":"CNMcz0WOq6jpFFFGY76l+R","action":"Initial GetUpdates", "result":"", "context":Reason: NEW_CLIENT. cV=CNMcz0WOq6jpFFFGY76l+R}
{"logTime": "0623/171129", "correlationVector":"CNMcz0WOq6jpFFFGY76l+R.1","action":"SyncServerConnectionManagerRequest", "result":"SYNC_SERVER_OK", "context":{"environment":"Prod_westeurope_prod-s01-079-eur-westeurope", "migrationStage":"NotStarted", "server":"akswtt00200003m"}}
{"logTime": "0623/171129", "correlationVector":"CNMcz0WOq6jpFFFGY76l+R.2","action":"ProcessGetUpdates", "result":"Done", "context":{"dataType":"Extensions", "deleted":"0", "process_failed_to_decrypt":"0", "process_pending_decryption":"0", "process_success":"1", "total":"1"}}
{"logTime": "0623/171129", "correlationVector":"CNMcz0WOq6jpFFFGY76l+R.3","action":"ProcessGetUpdates", "result":"Done", "context":{"dataType":"Sessions", "deleted":"0", "process_failed_to_decrypt":"0", "process_pending_decryption":"0", "process_success":"25", "total":"25"}}
{"logTime": "0623/171129", "correlationVector":"CNMcz0WOq6jpFFFGY76l+R.4","action":"ProcessGetUpdates", "result":"Done", "context":{"dataType":"Edge Hub App Usage", "deleted":"0", "process_failed_to_decrypt":"0", "process_pending_decryption":"0", "process_success":"5", "total":"5"}}
{"logTime": "0623/171129", "correlationVector":"CNMcz0WOq6jpFFFGY76l+R.5","action":"GetUpdates Response", "result":"Success", "context":Received 31 update(s). cV=CNMcz0WOq6jpFFFGY76l+R.0;server=akswtt00200003m;cloudType=Consumer;environment=Prod_westeurope_prod-s01-079-eur-westeurope;migrationStage=NotStarted}
{"logTime": "0623/171129", "correlationVector":"i8NxNxm1OtJqraM2RFxn8P","action":"SyncServerConnectionManagerRequest", "result":"SYNC_SERVER_ERROR", "context":{"environment":"", "error_type":"http_status_code", "error_value":"400", "migrationStage":"", "server":""}}
{"logTime": "0623/171129", "correlationVector":"zcbM3o8CqlP15g62ulPKcw","action":"Initial GetUpdates", "result":"", "context":Reason: NEW_CLIENT. cV=zcbM3o8CqlP15g62ulPKcw}
{"logTime": "0623/171130", "correlationVector":"zcbM3o8CqlP15g62ulPKcw.1","action":"SyncServerConnectionManagerRequest", "result":"SYNC_SERVER_OK", "context":{"environment":"Prod_westeurope_prod-s01-079-eur-westeurope", "migrationStage":"NotStarted", "server":"akswtt00200000o"}}
{"logTime": "0623/171130", "correlationVector":"zcbM3o8CqlP15g62ulPKcw.2","action":"ProcessGetUpdates", "result":"Done", "context":{"dataType":"History", "deleted":"0", "process_failed_to_decrypt":"0", "process_pending_decryption":"0", "process_success":"19", "total":"19"}}
{"logTime": "0623/171130", "correlationVector":"zcbM3o8CqlP15g62ulPKcw.3","action":"GetUpdates Response", "result":"Success", "context":Received 19 update(s). cV=zcbM3o8CqlP15g62ulPKcw.0;server=akswtt00200000o;cloudType=Consumer;environment=Prod_westeurope_prod-s01-079-eur-westeurope;migrationStage=NotStarted}
{"logTime": "0623/171130", "correlationVector":"uIdMzdRuA6b689MnZm8B4b","action":"SyncServerConnectionManagerRequest", "result":"SYNC_SERVER_ERROR", "context":{"environment":"", "error_type":"http_status_code", "error_value":"400", "migrationStage":"", "server":""}}
{"logTime": "0623/171130", "correlationVector":"6AmbcbHTbqsK6GY/8G4wzv","action":"Normal GetUpdate request", "result":"", "context":cV=6AmbcbHTbqsK6GY/8G4wzv
Nudged types: Sessions, Device Info, User Consents
Refresh requested types: Bookmarks, Preferences, Extensions, Sessions, Extension settings, History Delete Directives, Device Info, User Consents, Send Tab To Self, Web Apps, History, Saved Tab Group, WebAuthn Credentials, Edge E Drop, Edge Hub App Usage, Edge Wallet, Edge Workspace, Encryption Keys}
{"logTime": "0623/171131", "correlationVector":"6AmbcbHTbqsK6GY/8G4wzv.1","action":"SyncServerConnectionManagerRequest", "result":"SYNC_SERVER_OK", "context":{"environment":"Prod_westeurope_prod-s01-079-eur-westeurope", "migrationStage":"NotStarted", "server":"akswtt00200001y"}}
{"logTime": "0623/171131", "correlationVector":"6AmbcbHTbqsK6GY/8G4wzv.2","action":"GetUpdates Response", "result":"Success", "context":Received 0 update(s). cV=6AmbcbHTbqsK6GY/8G4wzv.0;server=akswtt00200001y;cloudType=Consumer;environment=Prod_westeurope_prod-s01-079-eur-westeurope;migrationStage=NotStarted}
{"logTime": "0623/171131", "correlationVector":"cBPfZqcjMbtvwHOuR3qZtl","action":"DoCompareDataConsistency requsted types: ", "result":"Bookmarks, Preferences, Extensions, Extension settings, History Delete Directives, Send Tab To Self, Web Apps, History, Saved Tab Group, WebAuthn Credentials, Edge E Drop, Edge Wallet, Edge Workspace, Encryption Keys"}
{"logTime": "0623/171131", "correlationVector":"cBPfZqcjMbtvwHOuR3qZtl.0","action":"CompareDataConsistency result: ", "result":"Compare result: Encryption Keys is consistent. local entities count is: 1 local entities hash is: KZhz3yYf9Sr0ujfgGAlaumlRph4="}
{"logTime": "0623/171131", "correlationVector":"cBPfZqcjMbtvwHOuR3qZtl.1","action":"CompareDataConsistency result: ", "result":"Compare result: Bookmarks is consistent. local entities count is: 50 local entities hash is: RrmpgqIixYp2Nd/f+HbkEOnNERU="}
{"logTime": "0623/171131", "correlationVector":"cBPfZqcjMbtvwHOuR3qZtl.2","action":"CompareDataConsistency result: ", "result":"Compare result: Preferences is consistent. local entities count is: 77 local entities hash is: npPPnufb1JhoqnJrnXtVrlZpAaw="}
{"logTime": "0623/171131", "correlationVector":"cBPfZqcjMbtvwHOuR3qZtl.3","action":"CompareDataConsistency result: ", "result":"Compare result: Extensions is consistent. local entities count is: 1 local entities hash is: SqFikT12Nvs99/lTmWoMLHtCA6Y="}
{"logTime": "0623/171131", "correlationVector":"cBPfZqcjMbtvwHOuR3qZtl.4","action":"CompareDataConsistency result: ", "result":"Compare result: Extension settings is consistent. local entities count is: 0 local entities hash is: "}
{"logTime": "0623/171131", "correlationVector":"cBPfZqcjMbtvwHOuR3qZtl.5","action":"CompareDataConsistency result: ", "result":"Compare result: History Delete Directives is consistent. local entities count is: 0 local entities hash is: "}
{"logTime": "0623/171131", "correlationVector":"cBPfZqcjMbtvwHOuR3qZtl.6","action":"CompareDataConsistency result: ", "result":"Server did not send this Send Tab To Self local entities count is: 0 local entities hash is: "}
{"logTime": "0623/171131", "correlationVector":"cBPfZqcjMbtvwHOuR3qZtl.7","action":"CompareDataConsistency result: ", "result":"Compare result: Web Apps is consistent. local entities count is: 0 local entities hash is: "}
{"logTime": "0623/171131", "correlationVector":"cBPfZqcjMbtvwHOuR3qZtl.8","action":"CompareDataConsistency result: ", "result":"Server did not send this History local entities count is: 0 local entities hash is: "}
{"logTime": "0623/171131", "correlationVector":"cBPfZqcjMbtvwHOuR3qZtl.9","action":"CompareDataConsistency result: ", "result":"Compare result: Saved Tab Group is consistent. local entities count is: 0 local entities hash is: "}
{"logTime": "0623/171131", "correlationVector":"cBPfZqcjMbtvwHOuR3qZtl.10","action":"CompareDataConsistency result: ", "result":"Server did not send this WebAuthn Credentials local entities count is: 0 local entities hash is: "}
{"logTime": "0623/171131", "correlationVector":"cBPfZqcjMbtvwHOuR3qZtl.11","action":"CompareDataConsistency result: ", "result":"Compare result: Edge E Drop is consistent. local entities count is: 0 local entities hash is: "}
{"logTime": "0623/171131", "correlationVector":"cBPfZqcjMbtvwHOuR3qZtl.12","action":"CompareDataConsistency result: ", "result":"Compare result: Edge Wallet is consistent. local entities count is: 0 local entities hash is: "}
{"logTime": "0623/171131", "correlationVector":"cBPfZqcjMbtvwHOuR3qZtl.13","action":"CompareDataConsistency result: ", "result":"Server did not send this Edge Workspace local entities count is: 0 local entities hash is: "}
{"logTime": "0623/171131", "correlationVector":"n2rh8rEFpn7QpAMkAvDpzj","action":"Commit Request", "result":"", "context":Item count: 4
Contributing types: Sessions, Device Info, User Consents}
{"logTime": "0623/171133", "correlationVector":"n2rh8rEFpn7QpAMkAvDpzj.1","action":"SyncServerConnectionManagerRequest", "result":"SYNC_SERVER_OK", "context":{"environment":"Prod_westeurope_prod-s01-079-eur-westeurope", "migrationStage":"NotStarted", "server":"akswtt002000030"}}
{"logTime": "0623/171133", "correlationVector":"n2rh8rEFpn7QpAMkAvDpzj.2","action":"Commit Response", "result":"Success", "context":Result: Success. cV=n2rh8rEFpn7QpAMkAvDpzj.0;server=akswtt002000030;cloudType=Consumer;environment=Prod_westeurope_prod-s01-079-eur-westeurope;migrationStage=NotStarted}
{"logTime": "0623/171133", "correlationVector":"oPmmMfBuNgzWY9uTr+3AF+","action":"SyncServerConnectionManagerRequest", "result":"SYNC_SERVER_ERROR", "context":{"environment":"", "error_type":"http_status_code", "error_value":"400", "migrationStage":"", "server":""}}
{"logTime": "0623/171133", "correlationVector":"","action":"DIAGNOSTIC_REQUEST|v1/diagnosticData/Diagnostic.SendCheckResult()|SUCCESS", "result":""}
{"logTime": "0623/171134", "correlationVector":"m10b8QZJZu8Ghb/0SGojTq","action":"Normal GetUpdate request", "result":"", "context":cV=m10b8QZJZu8Ghb/0SGojTq
Nudged types: Sessions, Device Info
Refresh requested types: Encryption Keys}
{"logTime": "0623/171134", "correlationVector":"m10b8QZJZu8Ghb/0SGojTq.1","action":"SyncServerConnectionManagerRequest", "result":"SYNC_SERVER_OK", "context":{"environment":"Prod_westeurope_prod-s01-079-eur-westeurope", "migrationStage":"NotStarted", "server":"akswtt00200003t"}}
{"logTime": "0623/171134", "correlationVector":"m10b8QZJZu8Ghb/0SGojTq.2","action":"ProcessGetUpdates", "result":"Done", "context":{"dataType":"Sessions", "deleted":"0", "process_failed_to_decrypt":"0", "process_pending_decryption":"0", "process_success":"2", "total":"2"}}
{"logTime": "0623/171134", "correlationVector":"m10b8QZJZu8Ghb/0SGojTq.3","action":"ProcessGetUpdates", "result":"Done", "context":{"dataType":"Device Info", "deleted":"0", "process_failed_to_decrypt":"0", "process_pending_decryption":"0", "process_success":"1", "total":"1"}}
{"logTime": "0623/171134", "correlationVector":"m10b8QZJZu8Ghb/0SGojTq.4","action":"GetUpdates Response", "result":"Success", "context":Received 3 update(s). cV=m10b8QZJZu8Ghb/0SGojTq.0;server=akswtt00200003t;cloudType=Consumer;environment=Prod_westeurope_prod-s01-079-eur-westeurope;migrationStage=NotStarted}
{"logTime": "0623/171135", "correlationVector":"O1bLO+mLtL87plhq05oZg6","action":"SyncServerConnectionManagerRequest", "result":"SYNC_SERVER_ERROR", "context":{"environment":"", "error_type":"http_status_code", "error_value":"400", "migrationStage":"", "server":""}}
