2026-06-23 17:11:22.028: [INFO][Sync] Reset engine, reason: 8
2026-06-23 17:11:22.028: [INFO][Sync] Stopped: Bookmarks
2026-06-23 17:11:22.028: [INFO][Sync] Stopped: Preferences
2026-06-23 17:11:22.028: [INFO][Sync] Stopped: Passwords
2026-06-23 17:11:22.028: [INFO][Sync] Stopped: Autofill Profiles
2026-06-23 17:11:22.028: [INFO][Sync] Stopped: Autofill
2026-06-23 17:11:22.028: [INFO][Sync] Stopped: Extensions
2026-06-23 17:11:22.028: [INFO][Sync] Stopped: Sessions
2026-06-23 17:11:22.028: [INFO][Sync] Stopped: Extension settings
2026-06-23 17:11:22.028: [INFO][Sync] Stopped: History Delete Directives
2026-06-23 17:11:22.028: [INFO][Sync] Stopped: Device Info
2026-06-23 17:11:22.028: [INFO][Sync] Stopped: User Consents
2026-06-23 17:11:22.028: [INFO][Sync] Stopped: Send Tab To Self
2026-06-23 17:11:22.028: [INFO][Sync] Stopped: Web Apps
2026-06-23 17:11:22.028: [INFO][Sync] Stopped: History
2026-06-23 17:11:22.028: [INFO][Sync] Stopped: Saved Tab Group
2026-06-23 17:11:22.028: [INFO][Sync] Stopped: WebAuthn Credentials
2026-06-23 17:11:22.028: [INFO][Sync] Stopped: Edge E Drop
2026-06-23 17:11:22.028: [INFO][Sync] Stopped: Edge Hub App Usage
2026-06-23 17:11:22.028: [INFO][Sync] Stopped: Edge Wallet
2026-06-23 17:11:22.028: [INFO][Sync] Stopped: Edge Workspace
2026-06-23 17:11:22.028: [INFO][Sync] SyncState after authenticated was: NotSignedIn
2026-06-23 17:11:22.161: [INFO][Sync] Reset engine, reason: 8
2026-06-23 17:11:22.161: [INFO][Sync] Stopped: Bookmarks
2026-06-23 17:11:22.161: [INFO][Sync] Stopped: Preferences
2026-06-23 17:11:22.161: [INFO][Sync] Stopped: Passwords
2026-06-23 17:11:22.161: [INFO][Sync] Stopped: Autofill Profiles
2026-06-23 17:11:22.161: [INFO][Sync] Stopped: Autofill
2026-06-23 17:11:22.161: [INFO][Sync] Stopped: Extensions
2026-06-23 17:11:22.161: [INFO][Sync] Stopped: Sessions
2026-06-23 17:11:22.161: [INFO][Sync] Stopped: Extension settings
2026-06-23 17:11:22.161: [INFO][Sync] Stopped: History Delete Directives
2026-06-23 17:11:22.161: [INFO][Sync] Stopped: Device Info
2026-06-23 17:11:22.161: [INFO][Sync] Stopped: User Consents
2026-06-23 17:11:22.161: [INFO][Sync] Stopped: Send Tab To Self
2026-06-23 17:11:22.161: [INFO][Sync] Stopped: Web Apps
2026-06-23 17:11:22.161: [INFO][Sync] Stopped: History
2026-06-23 17:11:22.161: [INFO][Sync] Stopped: Saved Tab Group
2026-06-23 17:11:22.161: [INFO][Sync] Stopped: WebAuthn Credentials
2026-06-23 17:11:22.161: [INFO][Sync] Stopped: Edge E Drop
2026-06-23 17:11:22.161: [INFO][Sync] Stopped: Edge Hub App Usage
2026-06-23 17:11:22.161: [INFO][Sync] Stopped: Edge Wallet
2026-06-23 17:11:22.161: [INFO][Sync] Stopped: Edge Workspace
2026-06-23 17:11:22.281: [INFO][Sync] Try to start sync engine
2026-06-23 17:11:22.281: [INFO][SyncManagerImpl::NudgeForInitialDownload] Initial download nudge for Encryption Keys
2026-06-23 17:11:22.281: [INFO][SyncEngineBackend::LoadAndConnectNigoriController] Load and connect Nigori controller
2026-06-23 17:11:22.281: [INFO][SyncEngineBackend::DoInitialize] Control Types added: Encryption Keys
2026-06-23 17:11:22.281: [INFO][SyncManagerImpl::ConfigureSyncer] Types to download: Encryption Keys with reason: 3
2026-06-23 17:11:22.281: [INFO][SyncSchedulerImpl::DoConfigurationSyncCycleJob] Configure job was blocked
2026-06-23 17:11:22.304: [INFO][SyncAuthManager::SetLastAuthError] Current auth error: None
2026-06-23 17:11:22.304: [INFO][SyncAuthManager::EdgeLogTokenErrorState] Token error with: None for account type: MSA
2026-06-23 17:11:22.304: [INFO][Sync] Credentials changed for: EdgeSyncScopeNew
2026-06-23 17:11:22.330: [INFO][SyncAuthManager::SetLastAuthError] Current auth error: None
2026-06-23 17:11:22.330: [INFO][SyncAuthManager::EdgeLogTokenErrorState] Token error with: None for account type: MSA
2026-06-23 17:11:22.330: [INFO][Sync] Credentials changed for: EdgeSyncKeyDataScope
2026-06-23 17:11:22.330: [INFO][SyncEngineBackend::DoUpdateKeyDataCredentials] Update key data credentials
2026-06-23 17:11:22.330: [INFO][SyncEngineBackend::DoUpdateCredentials] Update credentials
2026-06-23 17:11:22.330: [INFO][SyncSchedulerImpl::DoConfigurationSyncCycleJob] Blocked types:  and types to download: Encryption Keys
2026-06-23 17:11:23.906: [INFO][Sync] Started DataTypeManager configuration, reason: 4
2026-06-23 17:11:23.906: [INFO][Sync] Configuring for: Bookmarks, Preferences, Passwords, Autofill Profiles, Autofill, Extensions, Sessions, Extension settings, History Delete Directives, Device Info, User Consents, Send Tab To Self, Web Apps, History, Saved Tab Group, WebAuthn Credentials, Edge E Drop, Edge Hub App Usage, Edge Wallet, Edge Workspace, Encryption Keys, reason: 3, current state: 0
2026-06-23 17:11:23.906: [WARN][Sync] Crypto error data types: Passwords, Autofill Profiles, Autofill
2026-06-23 17:11:23.909: [INFO][Sync] Configure, desired: Bookmarks, Preferences, Extensions, Sessions, Extension settings, History Delete Directives, Device Info, User Consents, Send Tab To Self, Web Apps, History, Saved Tab Group, WebAuthn Credentials, Edge E Drop, Edge Hub App Usage, Edge Wallet, Edge Workspace, Encryption Keys; Allow fail: Passwords, Autofill Profiles, Autofill
2026-06-23 17:11:23.909: [INFO][Sync] Loading: Bookmarks
2026-06-23 17:11:23.909: [INFO][Sync] Loading: Preferences
2026-06-23 17:11:23.909: [INFO][Sync] Loading: Extensions
2026-06-23 17:11:23.909: [INFO][Sync] Loading: Sessions
2026-06-23 17:11:23.909: [INFO][Sync] Loading: Extension settings
2026-06-23 17:11:23.909: [INFO][Sync] Loading: History Delete Directives
2026-06-23 17:11:23.909: [INFO][Sync] Loading: Device Info
2026-06-23 17:11:23.909: [INFO][Sync] Loading: User Consents
2026-06-23 17:11:23.909: [INFO][Sync] Loading: Send Tab To Self
2026-06-23 17:11:23.909: [INFO][Sync] Loading: Web Apps
2026-06-23 17:11:23.909: [INFO][Sync] Loading: History
2026-06-23 17:11:23.909: [INFO][Sync] Loading: Saved Tab Group
2026-06-23 17:11:23.909: [INFO][Sync] Loading: WebAuthn Credentials
2026-06-23 17:11:23.909: [INFO][Sync] Loading: Edge E Drop
2026-06-23 17:11:23.909: [INFO][Sync] Loading: Edge Hub App Usage
2026-06-23 17:11:23.909: [INFO][Sync] Loading: Edge Wallet
2026-06-23 17:11:23.909: [INFO][Sync] Loading: Edge Workspace
2026-06-23 17:11:23.916: [INFO][Sync] All data types are ready for configure.
2026-06-23 17:11:25.398: [INFO][SyncEngineBackend::DoStartConfiguration] Start configuration
2026-06-23 17:11:25.398: [INFO][SyncManagerImpl::NudgeForInitialDownload] Initial download nudge for Bookmarks
2026-06-23 17:11:25.398: [INFO][SyncManagerImpl::NudgeForInitialDownload] Initial download nudge for Preferences
2026-06-23 17:11:25.398: [INFO][SyncManagerImpl::NudgeForInitialDownload] Initial download nudge for Extensions
2026-06-23 17:11:25.398: [INFO][SyncManagerImpl::NudgeForInitialDownload] Initial download nudge for Sessions
2026-06-23 17:11:25.398: [INFO][SyncManagerImpl::NudgeForInitialDownload] Initial download nudge for Extension settings
2026-06-23 17:11:25.398: [INFO][SyncManagerImpl::NudgeForInitialDownload] Initial download nudge for History Delete Directives
2026-06-23 17:11:25.398: [INFO][SyncManagerImpl::NudgeForInitialDownload] Initial download nudge for Device Info
2026-06-23 17:11:25.398: [INFO][SyncManagerImpl::NudgeForInitialDownload] Initial download nudge for Send Tab To Self
2026-06-23 17:11:25.398: [INFO][SyncManagerImpl::NudgeForInitialDownload] Initial download nudge for Web Apps
2026-06-23 17:11:25.398: [INFO][SyncManagerImpl::NudgeForInitialDownload] Initial download nudge for History
2026-06-23 17:11:25.398: [INFO][SyncManagerImpl::NudgeForInitialDownload] Initial download nudge for Saved Tab Group
2026-06-23 17:11:25.398: [INFO][SyncManagerImpl::NudgeForInitialDownload] Initial download nudge for WebAuthn Credentials
2026-06-23 17:11:25.398: [INFO][SyncManagerImpl::NudgeForInitialDownload] Initial download nudge for Edge E Drop
2026-06-23 17:11:25.398: [INFO][Sync] Connection status changed to: 2
2026-06-23 17:11:25.398: [INFO][SyncManagerImpl::NudgeForInitialDownload] Initial download nudge for Edge Hub App Usage
2026-06-23 17:11:25.398: [INFO][SyncManagerImpl::NudgeForInitialDownload] Initial download nudge for Edge Wallet
2026-06-23 17:11:25.398: [INFO][SyncManagerImpl::NudgeForInitialDownload] Initial download nudge for Edge Workspace
2026-06-23 17:11:25.398: [INFO][SyncManagerImpl::ConfigureSyncer] Types to download:  with reason: 3
2026-06-23 17:11:25.398: [INFO][SyncEngineBackend::DoFinishConfigureDataTypes] Failed to download types:  and succeeded types: 
2026-06-23 17:11:25.403: [INFO][Sync] ConfigurationDone, failed: , succeeded: , remaining count: 4
2026-06-23 17:11:25.403: [INFO][Sync] Prepare to configure types: Preferences, Device Info, Send Tab To Self, Edge E Drop, Encryption Keys
2026-06-23 17:11:25.403: [INFO][SyncManagerImpl::ConfigureSyncer] Types to download: Preferences, Device Info, Send Tab To Self, Edge E Drop, Encryption Keys with reason: 3
2026-06-23 17:11:25.404: [INFO][SyncSchedulerImpl::DoConfigurationSyncCycleJob] Blocked types:  and types to download: Preferences, Device Info, Send Tab To Self, Edge E Drop, Encryption Keys
2026-06-23 17:11:25.494: [INFO][SyncAuthManager::SetLastAuthError] Current auth error: None
2026-06-23 17:11:25.494: [INFO][SyncAuthManager::EdgeLogTokenErrorState] Token error with: None for account type: MSA
2026-06-23 17:11:25.494: [INFO][Sync] Credentials changed for: EdgeSyncKeyDataScope
2026-06-23 17:11:26.235: [INFO][SyncAuthManager::SetLastAuthError] Current auth error: None
2026-06-23 17:11:26.235: [INFO][SyncAuthManager::EdgeLogTokenErrorState] Token error with: None for account type: MSA
2026-06-23 17:11:26.235: [INFO][Sync] Credentials changed for: EdgeSyncScopeNew
2026-06-23 17:11:26.722: [INFO][SyncEngineBackend::DoFinishConfigureDataTypes] Failed to download types:  and succeeded types: Preferences, Device Info, Send Tab To Self, Edge E Drop, Encryption Keys
2026-06-23 17:11:26.750: [INFO][Sync] ConfigurationDone, failed: , succeeded: Preferences, Device Info, Send Tab To Self, Edge E Drop, Encryption Keys, remaining count: 3
2026-06-23 17:11:26.750: [INFO][Sync] Prepare to configure types: Bookmarks, Encryption Keys
2026-06-23 17:11:27.779: [INFO][Sync] Connection status changed to: 2
2026-06-23 17:11:27.779: [INFO][SyncEngineBackend::DoUpdateKeyDataCredentials] Update key data credentials
2026-06-23 17:11:27.779: [INFO][SyncEngineBackend::DoUpdateCredentials] Update credentials
2026-06-23 17:11:27.779: [INFO][SyncEngineBackend::DoUpdateKeyDataCredentials] Update key data credentials
2026-06-23 17:11:27.779: [INFO][SyncManagerImpl::ConfigureSyncer] Types to download: Bookmarks, Encryption Keys with reason: 3
2026-06-23 17:11:27.779: [INFO][SyncSchedulerImpl::DoConfigurationSyncCycleJob] Blocked types:  and types to download: Bookmarks, Encryption Keys
2026-06-23 17:11:28.959: [INFO][SyncEngineBackend::DoFinishConfigureDataTypes] Failed to download types:  and succeeded types: Bookmarks, Encryption Keys
2026-06-23 17:11:28.993: [INFO][Sync] ConfigurationDone, failed: , succeeded: Bookmarks, Encryption Keys, remaining count: 2
2026-06-23 17:11:28.993: [INFO][Sync] Prepare to configure types: Extensions, Sessions, Extension settings, History Delete Directives, Web Apps, Saved Tab Group, WebAuthn Credentials, Edge Hub App Usage, Edge Wallet, Edge Workspace, Encryption Keys
2026-06-23 17:11:29.254: [INFO][Sync] Connection status changed to: 2
2026-06-23 17:11:29.255: [INFO][SyncManagerImpl::ConfigureSyncer] Types to download: Extensions, Sessions, Extension settings, History Delete Directives, Web Apps, Saved Tab Group, WebAuthn Credentials, Edge Hub App Usage, Edge Wallet, Edge Workspace, Encryption Keys with reason: 3
2026-06-23 17:11:29.255: [INFO][SyncSchedulerImpl::DoConfigurationSyncCycleJob] Blocked types:  and types to download: Extensions, Sessions, Extension settings, History Delete Directives, Web Apps, Saved Tab Group, WebAuthn Credentials, Edge Hub App Usage, Edge Wallet, Edge Workspace, Encryption Keys
2026-06-23 17:11:29.658: [INFO][SyncAuthManager::SetLastAuthError] Current auth error: None
2026-06-23 17:11:29.658: [INFO][SyncAuthManager::EdgeLogTokenErrorState] Token error with: None for account type: MSA
2026-06-23 17:11:29.658: [INFO][Sync] Credentials changed for: EdgeSyncScopeNew
2026-06-23 17:11:29.689: [INFO][SyncEngineBackend::DoFinishConfigureDataTypes] Failed to download types:  and succeeded types: Extensions, Sessions, Extension settings, History Delete Directives, Web Apps, Saved Tab Group, WebAuthn Credentials, Edge Hub App Usage, Edge Wallet, Edge Workspace, Encryption Keys
2026-06-23 17:11:29.694: [INFO][Sync] ConfigurationDone, failed: , succeeded: Extensions, Sessions, Extension settings, History Delete Directives, Web Apps, Saved Tab Group, WebAuthn Credentials, Edge Hub App Usage, Edge Wallet, Edge Workspace, Encryption Keys, remaining count: 1
2026-06-23 17:11:29.699: [INFO][Sync] Prepare to configure types: History, Encryption Keys
2026-06-23 17:11:29.840: [INFO][SyncAuthManager::SetLastAuthError] Current auth error: None
2026-06-23 17:11:29.840: [INFO][SyncAuthManager::EdgeLogTokenErrorState] Token error with: None for account type: MSA
2026-06-23 17:11:29.840: [INFO][Sync] Credentials changed for: EdgeSyncKeyDataScope
2026-06-23 17:11:29.973: [INFO][Sync] Connection status changed to: 2
2026-06-23 17:11:29.973: [INFO][SyncManagerImpl::ConfigureSyncer] Types to download: History, Encryption Keys with reason: 3
2026-06-23 17:11:29.973: [INFO][SyncEngineBackend::DoUpdateKeyDataCredentials] Update key data credentials
2026-06-23 17:11:29.973: [INFO][SyncEngineBackend::DoUpdateCredentials] Update credentials
2026-06-23 17:11:29.973: [INFO][SyncSchedulerImpl::DoConfigurationSyncCycleJob] Blocked types:  and types to download: History, Encryption Keys
2026-06-23 17:11:30.457: [INFO][SyncEngineBackend::DoFinishConfigureDataTypes] Failed to download types:  and succeeded types: History, Encryption Keys
2026-06-23 17:11:30.462: [INFO][Sync] ConfigurationDone, failed: , succeeded: History, Encryption Keys, remaining count: 0
2026-06-23 17:11:30.467: [INFO][Sync]     Configuration completed, state: 3
2026-06-23 17:11:30.467: [INFO][Sync] Configured DataTypeManager: Ok
2026-06-23 17:11:30.805: [INFO][Sync] Connection status changed to: 2
2026-06-23 17:11:30.805: [INFO][SyncEngineBackend::DoStartSyncing] Start syncing
2026-06-23 17:11:33.582: [INFO][SyncAuthManager::SetLastAuthError] Current auth error: None
2026-06-23 17:11:33.582: [INFO][SyncAuthManager::EdgeLogTokenErrorState] Token error with: None for account type: MSA
2026-06-23 17:11:33.582: [INFO][Sync] Credentials changed for: EdgeSyncKeyDataScope
2026-06-23 17:11:33.856: [INFO][SyncAuthManager::SetLastAuthError] Current auth error: None
2026-06-23 17:11:33.856: [INFO][SyncAuthManager::EdgeLogTokenErrorState] Token error with: None for account type: MSA
2026-06-23 17:11:33.856: [INFO][Sync] Credentials changed for: EdgeSyncScopeNew
2026-06-23 17:11:33.903: [INFO][Sync] Connection status changed to: 2
2026-06-23 17:11:33.903: [INFO][SyncEngineBackend::DoUpdateKeyDataCredentials] Update key data credentials
2026-06-23 17:11:33.903: [INFO][SyncEngineBackend::DoUpdateCredentials] Update credentials
2026-06-23 17:11:33.903: [INFO][SyncEngineBackend::DoUpdateKeyDataCredentials] Update key data credentials
2026-06-23 17:11:35.064: [INFO][Sync] Connection status changed to: 2
2026-06-23 17:11:36.495: [INFO][Sync] Reset engine, reason: 0
2026-06-23 17:11:36.495: [INFO][Sync] Reset engine with reason: 0
