{"logTime": "0623/171011", "correlationVector":"IxH46Q85SyydihJG33f5xT.1","action":"SyncServerConnectionManagerRequest", "result":"SYNC_SERVER_OK", "context":{"environment":"Prod_germanywestcentral_prod-s01-010-eur-germanywestcentral", "migrationStage":"NotStarted", "server":"akswtt002000005"}}
{"logTime": "0623/171011", "correlationVector":"IxH46Q85SyydihJG33f5xT.2","action":"ProcessGetUpdates", "result":"Done", "context":{"dataType":"Encryption Keys", "deleted":"0", "process_failed_to_decrypt":"0", "process_pending_decryption":"0", "process_success":"1", "total":"1"}}
{"logTime": "0623/171012", "correlationVector":"FfnnubXslJ0YSHzDztXYFz","action":"SyncServerConnectionManagerRequest", "result":"SYNC_SERVER_OK", "context":{"environment":"", "migrationStage":"", "server":""}}
{"logTime": "0623/171012", "correlationVector":"FfnnubXslJ0YSHzDztXYFz.0","action":"EncryptionKeysFetcher.DownloadKeys:", "result":"Success", "context":Key count: 10, Last key timestamp: 2026-06-17T11:55:46Z}
{"logTime": "0623/171012", "correlationVector":"FfnnubXslJ0YSHzDztXYFz.1","action":"EncryptionKeysManager::SetEncryptionKeys:", "result":"Success", "context":Key names[10]:[FnjvuLBZHLuBG6AAyb70KkYUTtHcGT9at6/7wSf2szgFcbUYcSj0xww14HG0Le2VxFt/RA1ViVD4Ru81mjnhkA==][zz+BaStzWrG0IQQj9/yD9YcpbUQAhuq+cuN7NExJfWah/EksUNqgiX/3jyOzxzrQnx7p36vXtOpYfdwbgQM5aw==][x1LezOqYVi2W49Zz80SrPN8leoGGJFh6Qe/f0DYcQa2+NY2a32xZW/EV09tnewOexDuEcqFVTtEygY/xyeg2NQ==][Nsi1d1RuIs3Y3CPsJiWVmO97Erb+KMH6gHPnAPlAdFHa7XjJ/eQ6j+iqSTJD6K8HhJC7FmmiZ303iWmtxbO1yg==][xAHiO8v8Mn4vYwkndq+Aaxj2odlVLsZF6TmKhe+E9IMRGXnUeJ3ozBIuUKabLxjt8ED58ov2mMTNCoqqpdswkA==][Ceo7bGJzmbDyNMiIxZzF7y09A0le3E8IytedYo5v47/qzqJz+PLSaKCsHpFnas1BItvxo86s0YZupwMaUiY25g==][eJSU3iCYvEz5M6/2r+rjI19O3pTmfnbf3Q+2MOBdSsj6cNb52a7pwX+C6gt5Fy15sQcnvCAjbU7vuRjmbK+M9A==][iCqmRzE+7ZstNSkQkMxxurd2D8Ao9be96dR6CLqI825PpwJIDmPsndJ/UvJnb77pttAVGxPIQvPg+Hu3ILf/dw==][6+ezGS+fbc4EsbpDEQH1cMOn7psfNIz/TeQfTH4Zo6r7ySiflAvg1EqI2yUGMmLIwRw5W3g43kRh6n7hxhFvRQ==][ljnkUw36uPA6DJKEN2LCV/Awo3NWAPG7XG3aQodTzOhG5u8sAXWNxoBuv02YwfTJX8aedOzhLxK+DUttqYHhDw==]}
{"logTime": "0623/171012", "correlationVector":"FfnnubXslJ0YSHzDztXYFz.2","action":"EncryptionKeysManager::SetEncryptionKeysWithTimestamps:", "result":"Success", "context":Key timestamps[10]:[2022-07-07T17:37:15Z][2023-01-11T10:27:44Z][2023-08-24T08:01:17Z][2024-01-31T17:03:38Z][2024-03-17T14:37:01Z][2024-03-24T11:18:12Z][2024-11-28T11:02:12Z][2025-06-13T09:05:07Z][2025-12-16T15:35:41Z][2026-06-17T11:55:46Z]}
{"logTime": "0623/171012", "correlationVector":"IxH46Q85SyydihJG33f5xT","action":"Initial GetUpdates", "result":"", "context":Reason: NEW_CLIENT. cV=IxH46Q85SyydihJG33f5xT}
{"logTime": "0623/171012", "correlationVector":"IxH46Q85SyydihJG33f5xT.3","action":"GetUpdates Response", "result":"Success", "context":Received 1 update(s). cV=IxH46Q85SyydihJG33f5xT.0;server=akswtt002000005;cloudType=Consumer;environment=Prod_germanywestcentral_prod-s01-010-eur-germanywestcentral;migrationStage=NotStarted}
{"logTime": "0623/171012", "correlationVector":"3lHdyHOFPlsB6Gpon/q8gL","action":"Initial GetUpdates", "result":"", "context":Reason: NEWLY_SUPPORTED_DATATYPE. cV=3lHdyHOFPlsB6Gpon/q8gL}
{"logTime": "0623/171014", "correlationVector":"3lHdyHOFPlsB6Gpon/q8gL.1","action":"SyncServerConnectionManagerRequest", "result":"SYNC_SERVER_OK", "context":{"environment":"Prod_germanywestcentral_prod-s01-011-eur-germanywestcentral", "migrationStage":"NotStarted", "server":"akswtt10100003w"}}
{"logTime": "0623/171014", "correlationVector":"3lHdyHOFPlsB6Gpon/q8gL.2","action":"ProcessGetUpdates", "result":"Done", "context":{"dataType":"Preferences", "deleted":"1", "process_failed_to_decrypt":"0", "process_pending_decryption":"0", "process_success":"75", "total":"75"}}
{"logTime": "0623/171014", "correlationVector":"3lHdyHOFPlsB6Gpon/q8gL.3","action":"ProcessGetUpdates", "result":"Done", "context":{"dataType":"Passwords", "deleted":"0", "process_failed_to_decrypt":"0", "process_pending_decryption":"0", "process_success":"162", "total":"162"}}
{"logTime": "0623/171014", "correlationVector":"3lHdyHOFPlsB6Gpon/q8gL.4","action":"ProcessGetUpdates", "result":"Done", "context":{"dataType":"Device Info", "deleted":"0", "process_failed_to_decrypt":"0", "process_pending_decryption":"0", "process_success":"13", "total":"13"}}
{"logTime": "0623/171014", "correlationVector":"3lHdyHOFPlsB6Gpon/q8gL.5","action":"GetUpdates Response", "result":"Success", "context":Received 250 update(s). cV=3lHdyHOFPlsB6Gpon/q8gL.0;server=akswtt10100003w;cloudType=Consumer;environment=Prod_germanywestcentral_prod-s01-011-eur-germanywestcentral;migrationStage=NotStarted Some updates remain.}
{"logTime": "0623/171014", "correlationVector":"gkOxx40o8noDuXtSsEv/FU","action":"Initial GetUpdates", "result":"", "context":Reason: NEWLY_SUPPORTED_DATATYPE. cV=gkOxx40o8noDuXtSsEv/FU}
{"logTime": "0623/171015", "correlationVector":"gkOxx40o8noDuXtSsEv/FU.1","action":"SyncServerConnectionManagerRequest", "result":"SYNC_SERVER_OK", "context":{"environment":"Prod_germanywestcentral_prod-s01-011-eur-germanywestcentral", "migrationStage":"NotStarted", "server":"akswtt10100003d"}}
{"logTime": "0623/171015", "correlationVector":"gkOxx40o8noDuXtSsEv/FU.2","action":"ProcessGetUpdates", "result":"Done", "context":{"dataType":"Preferences", "deleted":"0", "process_failed_to_decrypt":"0", "process_pending_decryption":"0", "process_success":"3", "total":"3"}}
{"logTime": "0623/171015", "correlationVector":"gkOxx40o8noDuXtSsEv/FU.3","action":"ProcessGetUpdates", "result":"Done", "context":{"dataType":"Passwords", "deleted":"0", "process_failed_to_decrypt":"0", "process_pending_decryption":"0", "process_success":"182", "total":"182"}}
{"logTime": "0623/171015", "correlationVector":"gkOxx40o8noDuXtSsEv/FU.4","action":"ProcessGetUpdates", "result":"Done", "context":{"dataType":"Device Info", "deleted":"0", "process_failed_to_decrypt":"0", "process_pending_decryption":"0", "process_success":"9", "total":"9"}}
{"logTime": "0623/171015", "correlationVector":"gkOxx40o8noDuXtSsEv/FU.5","action":"GetUpdates Response", "result":"Success", "context":Received 194 update(s). cV=gkOxx40o8noDuXtSsEv/FU.0;server=akswtt10100003d;cloudType=Consumer;environment=Prod_germanywestcentral_prod-s01-011-eur-germanywestcentral;migrationStage=NotStarted}
{"logTime": "0623/171015", "correlationVector":"4B/2HlJ3bg12QB3kIqVzcM","action":"Initial GetUpdates", "result":"", "context":Reason: NEWLY_SUPPORTED_DATATYPE. cV=4B/2HlJ3bg12QB3kIqVzcM}
{"logTime": "0623/171015", "correlationVector":"4B/2HlJ3bg12QB3kIqVzcM.1","action":"SyncServerConnectionManagerRequest", "result":"SYNC_SERVER_OK", "context":{"environment":"Prod_germanywestcentral_prod-s01-011-eur-germanywestcentral", "migrationStage":"NotStarted", "server":"akswtt10100003z"}}
{"logTime": "0623/171015", "correlationVector":"4B/2HlJ3bg12QB3kIqVzcM.2","action":"ProcessGetUpdates", "result":"Done", "context":{"dataType":"Bookmarks", "deleted":"0", "process_failed_to_decrypt":"0", "process_pending_decryption":"0", "process_success":"56", "total":"56"}}
{"logTime": "0623/171015", "correlationVector":"4B/2HlJ3bg12QB3kIqVzcM.3","action":"GetUpdates Response", "result":"Success", "context":Received 56 update(s). cV=4B/2HlJ3bg12QB3kIqVzcM.0;server=akswtt10100003z;cloudType=Consumer;environment=Prod_germanywestcentral_prod-s01-011-eur-germanywestcentral;migrationStage=NotStarted}
{"logTime": "0623/171015", "correlationVector":"Tm58+gWq6YCSIv9ZyszoZe","action":"Initial GetUpdates", "result":"", "context":Reason: NEWLY_SUPPORTED_DATATYPE. cV=Tm58+gWq6YCSIv9ZyszoZe}
{"logTime": "0623/171016", "correlationVector":"Tm58+gWq6YCSIv9ZyszoZe.1","action":"SyncServerConnectionManagerRequest", "result":"SYNC_SERVER_OK", "context":{"environment":"Prod_germanywestcentral_prod-s01-011-eur-germanywestcentral", "migrationStage":"NotStarted", "server":"akswtt10100003h"}}
{"logTime": "0623/171016", "correlationVector":"Tm58+gWq6YCSIv9ZyszoZe.2","action":"ProcessGetUpdates", "result":"Done", "context":{"dataType":"Autofill Profiles", "deleted":"1", "process_failed_to_decrypt":"0", "process_pending_decryption":"0", "process_success":"5", "total":"5"}}
{"logTime": "0623/171016", "correlationVector":"Tm58+gWq6YCSIv9ZyszoZe.3","action":"ProcessGetUpdates", "result":"Done", "context":{"dataType":"Autofill", "deleted":"0", "process_failed_to_decrypt":"0", "process_pending_decryption":"0", "process_success":"11", "total":"11"}}
{"logTime": "0623/171016", "correlationVector":"Tm58+gWq6YCSIv9ZyszoZe.4","action":"ProcessGetUpdates", "result":"Done", "context":{"dataType":"Extensions", "deleted":"0", "process_failed_to_decrypt":"0", "process_pending_decryption":"0", "process_success":"1", "total":"1"}}
{"logTime": "0623/171016", "correlationVector":"Tm58+gWq6YCSIv9ZyszoZe.5","action":"ProcessGetUpdates", "result":"Done", "context":{"dataType":"Sessions", "deleted":"36", "process_failed_to_decrypt":"0", "process_pending_decryption":"0", "process_success":"55", "total":"55"}}
{"logTime": "0623/171016", "correlationVector":"Tm58+gWq6YCSIv9ZyszoZe.6","action":"ProcessGetUpdates", "result":"Done", "context":{"dataType":"Edge Hub App Usage", "deleted":"0", "process_failed_to_decrypt":"0", "process_pending_decryption":"0", "process_success":"3", "total":"3"}}
{"logTime": "0623/171016", "correlationVector":"Tm58+gWq6YCSIv9ZyszoZe.7","action":"GetUpdates Response", "result":"Success", "context":Received 75 update(s). cV=Tm58+gWq6YCSIv9ZyszoZe.0;server=akswtt10100003h;cloudType=Consumer;environment=Prod_germanywestcentral_prod-s01-011-eur-germanywestcentral;migrationStage=NotStarted}
{"logTime": "0623/171016", "correlationVector":"cHWNm0T7gv6QbJfQMpESVE","action":"Initial GetUpdates", "result":"", "context":Reason: NEWLY_SUPPORTED_DATATYPE. cV=cHWNm0T7gv6QbJfQMpESVE}
{"logTime": "0623/171017", "correlationVector":"cHWNm0T7gv6QbJfQMpESVE.1","action":"SyncServerConnectionManagerRequest", "result":"SYNC_SERVER_OK", "context":{"environment":"Prod_germanywestcentral_prod-s01-011-eur-germanywestcentral", "migrationStage":"NotStarted", "server":"akswtt10100002m"}}
{"logTime": "0623/171017", "correlationVector":"cHWNm0T7gv6QbJfQMpESVE.2","action":"ProcessGetUpdates", "result":"Done", "context":{"dataType":"History", "deleted":"0", "process_failed_to_decrypt":"0", "process_pending_decryption":"0", "process_success":"17", "total":"17"}}
{"logTime": "0623/171017", "correlationVector":"cHWNm0T7gv6QbJfQMpESVE.3","action":"GetUpdates Response", "result":"Success", "context":Received 17 update(s). cV=cHWNm0T7gv6QbJfQMpESVE.0;server=akswtt10100002m;cloudType=Consumer;environment=Prod_germanywestcentral_prod-s01-011-eur-germanywestcentral;migrationStage=NotStarted}
{"logTime": "0623/171017", "correlationVector":"ZPNjyzDBa75bLit4MTSw6Y","action":"Normal GetUpdate request", "result":"", "context":cV=ZPNjyzDBa75bLit4MTSw6Y
Nudged types: Sessions, Device Info, User Consents
Refresh requested types: Bookmarks, Preferences, Passwords, Autofill Profiles, Autofill, Extensions, Sessions, Extension settings, History Delete Directives, Device Info, User Consents, Send Tab To Self, Web Apps, History, Saved Tab Group, WebAuthn Credentials, Edge E Drop, Edge Hub App Usage, Edge Wallet, Edge Workspace, Encryption Keys}
{"logTime": "0623/171018", "correlationVector":"ZPNjyzDBa75bLit4MTSw6Y.1","action":"SyncServerConnectionManagerRequest", "result":"SYNC_SERVER_OK", "context":{"environment":"Prod_germanywestcentral_prod-s01-011-eur-germanywestcentral", "migrationStage":"NotStarted", "server":"akswtt10100004i"}}
{"logTime": "0623/171018", "correlationVector":"ZPNjyzDBa75bLit4MTSw6Y.2","action":"GetUpdates Response", "result":"Success", "context":Received 0 update(s). cV=ZPNjyzDBa75bLit4MTSw6Y.0;server=akswtt10100004i;cloudType=Consumer;environment=Prod_germanywestcentral_prod-s01-011-eur-germanywestcentral;migrationStage=NotStarted}
{"logTime": "0623/171018", "correlationVector":"IbVVmrSOJaP6X3L4Xn8tqV","action":"DoCompareDataConsistency requsted types: ", "result":"Bookmarks, Preferences, Passwords, Extensions, Extension settings, History Delete Directives, Send Tab To Self, Web Apps, History, Saved Tab Group, WebAuthn Credentials, Edge E Drop, Edge Wallet, Edge Workspace, Encryption Keys"}
{"logTime": "0623/171018", "correlationVector":"IbVVmrSOJaP6X3L4Xn8tqV.0","action":"CompareDataConsistency result: ", "result":"Compare result: Encryption Keys is consistent. local entities count is: 1 local entities hash is: KZhz3yYf9Sr0ujfgGAlaumlRph4="}
{"logTime": "0623/171018", "correlationVector":"IbVVmrSOJaP6X3L4Xn8tqV.1","action":"CompareDataConsistency result: ", "result":"Compare result: Bookmarks is consistent. local entities count is: 50 local entities hash is: RrmpgqIixYp2Nd/f+HbkEOnNERU="}
{"logTime": "0623/171018", "correlationVector":"IbVVmrSOJaP6X3L4Xn8tqV.2","action":"CompareDataConsistency result: ", "result":"Compare result: Preferences is consistent. local entities count is: 77 local entities hash is: pasMvngMSofqxS7ddF9FXMw18EA="}
{"logTime": "0623/171018", "correlationVector":"IbVVmrSOJaP6X3L4Xn8tqV.3","action":"CompareDataConsistency result: ", "result":"Compare result: Extensions is consistent. local entities count is: 1 local entities hash is: SqFikT12Nvs99/lTmWoMLHtCA6Y="}
{"logTime": "0623/171018", "correlationVector":"IbVVmrSOJaP6X3L4Xn8tqV.4","action":"CompareDataConsistency result: ", "result":"Compare result: Extension settings is consistent. local entities count is: 0 local entities hash is: "}
{"logTime": "0623/171018", "correlationVector":"IbVVmrSOJaP6X3L4Xn8tqV.5","action":"CompareDataConsistency result: ", "result":"Compare result: History Delete Directives is consistent. local entities count is: 0 local entities hash is: "}
{"logTime": "0623/171018", "correlationVector":"IbVVmrSOJaP6X3L4Xn8tqV.6","action":"CompareDataConsistency result: ", "result":"Server did not send this Send Tab To Self local entities count is: 0 local entities hash is: "}
{"logTime": "0623/171018", "correlationVector":"IbVVmrSOJaP6X3L4Xn8tqV.7","action":"CompareDataConsistency result: ", "result":"Compare result: Web Apps is consistent. local entities count is: 0 local entities hash is: "}
{"logTime": "0623/171018", "correlationVector":"IbVVmrSOJaP6X3L4Xn8tqV.8","action":"CompareDataConsistency result: ", "result":"Server did not send this History local entities count is: 0 local entities hash is: "}
{"logTime": "0623/171018", "correlationVector":"IbVVmrSOJaP6X3L4Xn8tqV.9","action":"CompareDataConsistency result: ", "result":"Compare result: Saved Tab Group is consistent. local entities count is: 0 local entities hash is: "}
{"logTime": "0623/171018", "correlationVector":"IbVVmrSOJaP6X3L4Xn8tqV.10","action":"CompareDataConsistency result: ", "result":"Server did not send this WebAuthn Credentials local entities count is: 0 local entities hash is: "}
{"logTime": "0623/171018", "correlationVector":"IbVVmrSOJaP6X3L4Xn8tqV.11","action":"CompareDataConsistency result: ", "result":"Compare result: Edge E Drop is consistent. local entities count is: 0 local entities hash is: "}
{"logTime": "0623/171018", "correlationVector":"IbVVmrSOJaP6X3L4Xn8tqV.12","action":"CompareDataConsistency result: ", "result":"Compare result: Edge Wallet is consistent. local entities count is: 0 local entities hash is: "}
{"logTime": "0623/171018", "correlationVector":"IbVVmrSOJaP6X3L4Xn8tqV.13","action":"CompareDataConsistency result: ", "result":"Server did not send this Edge Workspace local entities count is: 0 local entities hash is: "}
{"logTime": "0623/171018", "correlationVector":"IbVVmrSOJaP6X3L4Xn8tqV.14","action":"CompareDataConsistency result: ", "result":"Compare result: Passwords is consistent. local entities count is: 344 local entities hash is: jmcuY99ZFXLwlHNr5R0+uiTPl7s="}
{"logTime": "0623/171018", "correlationVector":"ADF16cm14f8HKPfdIq9w/M","action":"Commit Request", "result":"", "context":Item count: 4
Contributing types: Sessions, Device Info, User Consents}
{"logTime": "0623/171019", "correlationVector":"ADF16cm14f8HKPfdIq9w/M.1","action":"SyncServerConnectionManagerRequest", "result":"SYNC_SERVER_OK", "context":{"environment":"Prod_germanywestcentral_prod-s01-011-eur-germanywestcentral", "migrationStage":"NotStarted", "server":"akswtt10100004h"}}
{"logTime": "0623/171019", "correlationVector":"ADF16cm14f8HKPfdIq9w/M.2","action":"Commit Response", "result":"Success", "context":Result: Success. cV=ADF16cm14f8HKPfdIq9w/M.0;server=akswtt10100004h;cloudType=Consumer;environment=Prod_germanywestcentral_prod-s01-011-eur-germanywestcentral;migrationStage=NotStarted}
{"logTime": "0623/171019", "correlationVector":"","action":"DIAGNOSTIC_REQUEST|v1/diagnosticData/Diagnostic.SendCheckResult()|SUCCESS", "result":""}
{"logTime": "0623/171020", "correlationVector":"uUVAXaBv+z6bWApYV/vhss","action":"Commit Request", "result":"", "context":Item count: 1
Contributing types: History}
{"logTime": "0623/171020", "correlationVector":"uUVAXaBv+z6bWApYV/vhss.1","action":"SyncServerConnectionManagerRequest", "result":"SYNC_SERVER_OK", "context":{"environment":"Prod_germanywestcentral_prod-s01-010-eur-germanywestcentral", "migrationStage":"NotStarted", "server":"akswtt002000018"}}
{"logTime": "0623/171020", "correlationVector":"uUVAXaBv+z6bWApYV/vhss.2","action":"Commit Response", "result":"Success", "context":Result: Success. cV=uUVAXaBv+z6bWApYV/vhss.0;server=akswtt002000018;cloudType=Consumer;environment=Prod_germanywestcentral_prod-s01-010-eur-germanywestcentral;migrationStage=NotStarted}
{"logTime": "0623/171022", "correlationVector":"dyAkGMCs0WY4W1vTjuZj9t","action":"Normal GetUpdate request", "result":"", "context":cV=dyAkGMCs0WY4W1vTjuZj9t
Notified types: Device Info, History}
{"logTime": "0623/171022", "correlationVector":"dyAkGMCs0WY4W1vTjuZj9t.1","action":"SyncServerConnectionManagerRequest", "result":"SYNC_SERVER_OK", "context":{"environment":"Prod_germanywestcentral_prod-s01-010-eur-germanywestcentral", "migrationStage":"NotStarted", "server":"akswtt00200000z"}}
{"logTime": "0623/171022", "correlationVector":"dyAkGMCs0WY4W1vTjuZj9t.2","action":"ProcessGetUpdates", "result":"Done", "context":{"dataType":"Sessions", "deleted":"0", "process_failed_to_decrypt":"0", "process_pending_decryption":"0", "process_success":"4", "total":"4"}}
{"logTime": "0623/171022", "correlationVector":"dyAkGMCs0WY4W1vTjuZj9t.3","action":"ProcessGetUpdates", "result":"Done", "context":{"dataType":"Device Info", "deleted":"0", "process_failed_to_decrypt":"0", "process_pending_decryption":"0", "process_success":"2", "total":"2"}}
{"logTime": "0623/171022", "correlationVector":"dyAkGMCs0WY4W1vTjuZj9t.4","action":"ProcessGetUpdates", "result":"Done", "context":{"dataType":"History", "deleted":"0", "process_failed_to_decrypt":"0", "process_pending_decryption":"0", "process_success":"1", "total":"1"}}
{"logTime": "0623/171022", "correlationVector":"dyAkGMCs0WY4W1vTjuZj9t.5","action":"GetUpdates Response", "result":"Success", "context":Received 7 update(s). cV=dyAkGMCs0WY4W1vTjuZj9t.0;server=akswtt00200000z;cloudType=Consumer;environment=Prod_germanywestcentral_prod-s01-010-eur-germanywestcentral;migrationStage=NotStarted}
{"logTime": "0623/171027", "correlationVector":"e+W9okltS1vh7AYU9NGvfi","action":"Commit Request", "result":"", "context":Item count: 1
Contributing types: Edge Hub App Usage}
{"logTime": "0623/171028", "correlationVector":"e+W9okltS1vh7AYU9NGvfi.1","action":"SyncServerConnectionManagerRequest", "result":"SYNC_SERVER_OK", "context":{"environment":"Prod_germanywestcentral_prod-s01-010-eur-germanywestcentral", "migrationStage":"NotStarted", "server":"akswtt00200001k"}}
{"logTime": "0623/171028", "correlationVector":"e+W9okltS1vh7AYU9NGvfi.2","action":"Commit Response", "result":"Success", "context":Result: Success. cV=e+W9okltS1vh7AYU9NGvfi.0;server=akswtt00200001k;cloudType=Consumer;environment=Prod_germanywestcentral_prod-s01-010-eur-germanywestcentral;migrationStage=NotStarted}
{"logTime": "0623/171028", "correlationVector":"wbEL7qYNG5rvjjT6LMS2Pp","action":"Normal GetUpdate request", "result":"", "context":cV=wbEL7qYNG5rvjjT6LMS2Pp
Notified types: Edge Hub App Usage}
{"logTime": "0623/171029", "correlationVector":"wbEL7qYNG5rvjjT6LMS2Pp.1","action":"SyncServerConnectionManagerRequest", "result":"SYNC_SERVER_OK", "context":{"environment":"Prod_germanywestcentral_prod-s01-010-eur-germanywestcentral", "migrationStage":"NotStarted", "server":"akswtt002000024"}}
{"logTime": "0623/171029", "correlationVector":"wbEL7qYNG5rvjjT6LMS2Pp.2","action":"ProcessGetUpdates", "result":"Done", "context":{"dataType":"Edge Hub App Usage", "deleted":"0", "process_failed_to_decrypt":"0", "process_pending_decryption":"0", "process_success":"2", "total":"2"}}
{"logTime": "0623/171029", "correlationVector":"wbEL7qYNG5rvjjT6LMS2Pp.3","action":"GetUpdates Response", "result":"Success", "context":Received 2 update(s). cV=wbEL7qYNG5rvjjT6LMS2Pp.0;server=akswtt002000024;cloudType=Consumer;environment=Prod_germanywestcentral_prod-s01-010-eur-germanywestcentral;migrationStage=NotStarted}
{"logTime": "0623/171050", "correlationVector":"b6pOPNrdbvGl4aV/NPqgT0","action":"Normal GetUpdate request", "result":"", "context":cV=b6pOPNrdbvGl4aV/NPqgT0
Notified types: Device Info}
{"logTime": "0623/171050", "correlationVector":"b6pOPNrdbvGl4aV/NPqgT0.1","action":"SyncServerConnectionManagerRequest", "result":"SYNC_SERVER_OK", "context":{"environment":"Prod_germanywestcentral_prod-s01-011-eur-germanywestcentral", "migrationStage":"NotStarted", "server":"akswtt10100001q"}}
{"logTime": "0623/171050", "correlationVector":"b6pOPNrdbvGl4aV/NPqgT0.2","action":"ProcessGetUpdates", "result":"Done", "context":{"dataType":"Sessions", "deleted":"0", "process_failed_to_decrypt":"0", "process_pending_decryption":"0", "process_success":"2", "total":"2"}}
{"logTime": "0623/171050", "correlationVector":"b6pOPNrdbvGl4aV/NPqgT0.3","action":"ProcessGetUpdates", "result":"Done", "context":{"dataType":"Device Info", "deleted":"0", "process_failed_to_decrypt":"0", "process_pending_decryption":"0", "process_success":"1", "total":"1"}}
{"logTime": "0623/171050", "correlationVector":"b6pOPNrdbvGl4aV/NPqgT0.4","action":"GetUpdates Response", "result":"Success", "context":Received 3 update(s). cV=b6pOPNrdbvGl4aV/NPqgT0.0;server=akswtt10100001q;cloudType=Consumer;environment=Prod_germanywestcentral_prod-s01-011-eur-germanywestcentral;migrationStage=NotStarted}
{"logTime": "0623/171052", "correlationVector":"o+hrsu2MatOc/NyAFjxgpK","action":"Normal GetUpdate request", "result":"", "context":cV=o+hrsu2MatOc/NyAFjxgpK
Notified types: History}
{"logTime": "0623/171052", "correlationVector":"o+hrsu2MatOc/NyAFjxgpK.1","action":"SyncServerConnectionManagerRequest", "result":"SYNC_SERVER_OK", "context":{"environment":"Prod_germanywestcentral_prod-s01-011-eur-germanywestcentral", "migrationStage":"NotStarted", "server":"akswtt10100003x"}}
{"logTime": "0623/171052", "correlationVector":"o+hrsu2MatOc/NyAFjxgpK.2","action":"ProcessGetUpdates", "result":"Done", "context":{"dataType":"Sessions", "deleted":"0", "process_failed_to_decrypt":"0", "process_pending_decryption":"0", "process_success":"2", "total":"2"}}
{"logTime": "0623/171052", "correlationVector":"o+hrsu2MatOc/NyAFjxgpK.3","action":"ProcessGetUpdates", "result":"Done", "context":{"dataType":"History", "deleted":"0", "process_failed_to_decrypt":"0", "process_pending_decryption":"0", "process_success":"1", "total":"1"}}
{"logTime": "0623/171052", "correlationVector":"o+hrsu2MatOc/NyAFjxgpK.4","action":"GetUpdates Response", "result":"Success", "context":Received 3 update(s). cV=o+hrsu2MatOc/NyAFjxgpK.0;server=akswtt10100003x;cloudType=Consumer;environment=Prod_germanywestcentral_prod-s01-011-eur-germanywestcentral;migrationStage=NotStarted}
{"logTime": "0623/171111", "correlationVector":"1BEvhyy3hE330iuAF2Pafq","action":"Commit Request", "result":"", "context":Item count: 40
Contributing types: Passwords}
{"logTime": "0623/171117", "correlationVector":"1BEvhyy3hE330iuAF2Pafq.1","action":"SyncServerConnectionManagerRequest", "result":"SYNC_SERVER_OK", "context":{"environment":"Prod_germanywestcentral_prod-s01-011-eur-germanywestcentral", "migrationStage":"NotStarted", "server":"akswtt101000040"}}
{"logTime": "0623/171117", "correlationVector":"1BEvhyy3hE330iuAF2Pafq.2","action":"Commit Response", "result":"Success", "context":Result: Success. cV=1BEvhyy3hE330iuAF2Pafq.0;server=akswtt101000040;cloudType=Consumer;environment=Prod_germanywestcentral_prod-s01-011-eur-germanywestcentral;migrationStage=NotStarted}
{"logTime": "0623/171117", "correlationVector":"1BEvhyy3hE330iuAF2Pafq.3","action":"Commit.Passwords", "result":"Conflict", "context":{"id":"3373a84f-6da9-4ae1-906d-743a838836d5", "isDeleted":"false", "size":"691", "version":"1781697352328"}}
{"logTime": "0623/171117", "correlationVector":"1BEvhyy3hE330iuAF2Pafq.4","action":"Commit.Passwords", "result":"Conflict", "context":{"id":"c2f40799-a9a0-4c22-a9fb-2f2e6b09d404", "isDeleted":"false", "size":"606", "version":"1781697367738"}}
{"logTime": "0623/171117", "correlationVector":"1BEvhyy3hE330iuAF2Pafq.5","action":"Commit.Passwords", "result":"Conflict", "context":{"id":"264e241a-9034-4665-953b-7bab6f01156f", "isDeleted":"false", "size":"666", "version":"1781697352354"}}
{"logTime": "0623/171117", "correlationVector":"1BEvhyy3hE330iuAF2Pafq.6","action":"Commit.Passwords", "result":"Conflict", "context":{"id":"9444c25f-749d-47fa-86ae-24e7e68ca7bd", "isDeleted":"false", "size":"664", "version":"1781697352353"}}
{"logTime": "0623/171117", "correlationVector":"1BEvhyy3hE330iuAF2Pafq.7","action":"Commit.Passwords", "result":"Conflict", "context":{"id":"65f98913-4012-4542-9421-59090c29056f", "isDeleted":"false", "size":"714", "version":"1781697370236"}}
{"logTime": "0623/171117", "correlationVector":"1BEvhyy3hE330iuAF2Pafq.8","action":"Commit.Passwords", "result":"Conflict", "context":{"id":"27f3d090-6f52-4acf-9b40-d5f05431af7b", "isDeleted":"false", "size":"667", "version":"1781697348318"}}
{"logTime": "0623/171117", "correlationVector":"1BEvhyy3hE330iuAF2Pafq.9","action":"Commit.Passwords", "result":"Conflict", "context":{"id":"3431c242-02a7-454f-a791-849c4fd752e3", "isDeleted":"false", "size":"671", "version":"1781697372608"}}
{"logTime": "0623/171117", "correlationVector":"1BEvhyy3hE330iuAF2Pafq.10","action":"Commit.Passwords", "result":"Conflict", "context":{"id":"5dac9ced-aec2-4e93-9f7f-1a9481ae13d5", "isDeleted":"false", "size":"666", "version":"1781697370235"}}
{"logTime": "0623/171117", "correlationVector":"1BEvhyy3hE330iuAF2Pafq.11","action":"Commit.Passwords", "result":"Conflict", "context":{"id":"3892baea-237f-4479-ba5d-16e73b483ed1", "isDeleted":"false", "size":"736", "version":"1781697348301"}}
{"logTime": "0623/171117", "correlationVector":"1BEvhyy3hE330iuAF2Pafq.12","action":"Commit.Passwords", "result":"Conflict", "context":{"id":"5a5f8bf6-fccf-4ed7-b182-5b53d41dc520", "isDeleted":"false", "size":"801", "version":"1781697374710"}}
{"logTime": "0623/171117", "correlationVector":"1BEvhyy3hE330iuAF2Pafq.13","action":"Commit.Passwords", "result":"Conflict", "context":{"id":"774869fe-5ee5-4514-961c-d8fa87e0a9bb", "isDeleted":"false", "size":"645", "version":"1781697359697"}}
{"logTime": "0623/171117", "correlationVector":"1BEvhyy3hE330iuAF2Pafq.14","action":"Commit.Passwords", "result":"Conflict", "context":{"id":"f07079c8-a280-4849-93a5-4d529e9e8e9f", "isDeleted":"false", "size":"713", "version":"1781697359698"}}
{"logTime": "0623/171117", "correlationVector":"1BEvhyy3hE330iuAF2Pafq.15","action":"Commit.Passwords", "result":"Conflict", "context":{"id":"6bd36cdb-b91c-46e1-8c8b-e855eb05a7eb", "isDeleted":"false", "size":"822", "version":"1781697367718"}}
{"logTime": "0623/171117", "correlationVector":"1BEvhyy3hE330iuAF2Pafq.16","action":"Commit.Passwords", "result":"Conflict", "context":{"id":"68ac9006-f7ee-4ff6-89e0-fae43669b654", "isDeleted":"false", "size":"672", "version":"1781697356282"}}
{"logTime": "0623/171117", "correlationVector":"1BEvhyy3hE330iuAF2Pafq.17","action":"Commit.Passwords", "result":"Conflict", "context":{"id":"f7c2b228-2a79-4899-b4a6-294831e327b9", "isDeleted":"false", "size":"714", "version":"1781697370247"}}
{"logTime": "0623/171117", "correlationVector":"1BEvhyy3hE330iuAF2Pafq.18","action":"Commit.Passwords", "result":"Conflict", "context":{"id":"d5fa189d-242e-424b-9eab-3e9e65be27d8", "isDeleted":"false", "size":"705", "version":"1781697352325"}}
{"logTime": "0623/171117", "correlationVector":"1BEvhyy3hE330iuAF2Pafq.19","action":"Commit.Passwords", "result":"Conflict", "context":{"id":"07443752-2590-4e6c-8057-a04bd90421db", "isDeleted":"false", "size":"687", "version":"1781697356295"}}
{"logTime": "0623/171117", "correlationVector":"1BEvhyy3hE330iuAF2Pafq.20","action":"Commit.Passwords", "result":"Conflict", "context":{"id":"eb580e77-18b1-475b-9d72-b27dbc960814", "isDeleted":"false", "size":"689", "version":"1781697356286"}}
{"logTime": "0623/171117", "correlationVector":"1BEvhyy3hE330iuAF2Pafq.21","action":"Commit.Passwords", "result":"Conflict", "context":{"id":"a17b126b-86a3-429e-9a35-a270b79acb4a", "isDeleted":"false", "size":"718", "version":"1781697367747"}}
{"logTime": "0623/171117", "correlationVector":"1BEvhyy3hE330iuAF2Pafq.22","action":"Commit.Passwords", "result":"Conflict", "context":{"id":"54ff79db-85fd-4861-a2ed-1a4482ddbc51", "isDeleted":"false", "size":"709", "version":"1781697364863"}}
{"logTime": "0623/171117", "correlationVector":"1BEvhyy3hE330iuAF2Pafq.23","action":"Commit.Passwords", "result":"Conflict", "context":{"id":"2dc38d35-f23f-4baa-99c6-6a369b5f11f8", "isDeleted":"false", "size":"668", "version":"1781697367733"}}
{"logTime": "0623/171117", "correlationVector":"1BEvhyy3hE330iuAF2Pafq.24","action":"Commit.Passwords", "result":"Conflict", "context":{"id":"f4a9bdda-36d7-43ae-8c4d-85b7e7358c63", "isDeleted":"false", "size":"919", "version":"1781697348336"}}
{"logTime": "0623/171117", "correlationVector":"1BEvhyy3hE330iuAF2Pafq.25","action":"Commit.Passwords", "result":"Conflict", "context":{"id":"07dc639a-6191-43ba-9016-c1d5088d542b", "isDeleted":"false", "size":"667", "version":"1781697364880"}}
{"logTime": "0623/171117", "correlationVector":"1BEvhyy3hE330iuAF2Pafq.26","action":"Commit.Passwords", "result":"Conflict", "context":{"id":"d680213f-d8a2-4d0a-bb8d-6e61a0ece6d2", "isDeleted":"false", "size":"642", "version":"1781697352331"}}
{"logTime": "0623/171117", "correlationVector":"1BEvhyy3hE330iuAF2Pafq.27","action":"Commit.Passwords", "result":"Conflict", "context":{"id":"6a87ccf1-f900-4b69-bd75-5abe90f284cc", "isDeleted":"false", "size":"761", "version":"1781697372596"}}
{"logTime": "0623/171117", "correlationVector":"1BEvhyy3hE330iuAF2Pafq.28","action":"Commit.Passwords", "result":"Conflict", "context":{"id":"a095e443-6909-4692-b5a4-d3bd491f940f", "isDeleted":"false", "size":"690", "version":"1781697370231"}}
{"logTime": "0623/171117", "correlationVector":"1BEvhyy3hE330iuAF2Pafq.29","action":"Commit.Passwords", "result":"Conflict", "context":{"id":"b9aaa0cd-633e-4d8c-aa6b-cbd837096bcb", "isDeleted":"false", "size":"736", "version":"1781697356257"}}
{"logTime": "0623/171117", "correlationVector":"1BEvhyy3hE330iuAF2Pafq.30","action":"Commit.Passwords", "result":"Conflict", "context":{"id":"3d9cab75-272d-418f-a46b-3e589f209cc8", "isDeleted":"false", "size":"736", "version":"1781697348340"}}
{"logTime": "0623/171117", "correlationVector":"1BEvhyy3hE330iuAF2Pafq.31","action":"Commit.Passwords", "result":"Conflict", "context":{"id":"409715b7-a9c0-4ae2-8823-7527447f36ba", "isDeleted":"false", "size":"686", "version":"1781697352320"}}
{"logTime": "0623/171117", "correlationVector":"1BEvhyy3hE330iuAF2Pafq.32","action":"Commit.Passwords", "result":"Conflict", "context":{"id":"1b6fef71-2b7a-4014-a6d3-cbbfcaea2556", "isDeleted":"false", "size":"762", "version":"1781697372592"}}
{"logTime": "0623/171117", "correlationVector":"1BEvhyy3hE330iuAF2Pafq.33","action":"Commit.Passwords", "result":"Conflict", "context":{"id":"006d3adc-37e6-4a41-8a0e-d55e62b8bdfc", "isDeleted":"false", "size":"667", "version":"1781697364871"}}
{"logTime": "0623/171117", "correlationVector":"1BEvhyy3hE330iuAF2Pafq.34","action":"Commit.Passwords", "result":"Conflict", "context":{"id":"75e4db00-256b-4278-b688-034cda4330b8", "isDeleted":"false", "size":"811", "version":"1781697364857"}}
{"logTime": "0623/171117", "correlationVector":"1BEvhyy3hE330iuAF2Pafq.35","action":"Commit.Passwords", "result":"Conflict", "context":{"id":"ffdd7337-0808-4d94-9299-95bebc60e4b8", "isDeleted":"false", "size":"981", "version":"1781697352326"}}
{"logTime": "0623/171117", "correlationVector":"1BEvhyy3hE330iuAF2Pafq.36","action":"Commit.Passwords", "result":"Conflict", "context":{"id":"c4817361-1ab6-4cb3-8192-495f3401f408", "isDeleted":"false", "size":"685", "version":"1781697359695"}}
{"logTime": "0623/171117", "correlationVector":"1BEvhyy3hE330iuAF2Pafq.37","action":"Commit.Passwords", "result":"Conflict", "context":{"id":"a801d91b-5a58-485a-b04a-2c2cd1457e81", "isDeleted":"false", "size":"630", "version":"1781697364849"}}
{"logTime": "0623/171117", "correlationVector":"1BEvhyy3hE330iuAF2Pafq.38","action":"Commit.Passwords", "result":"Conflict", "context":{"id":"b1793d96-c530-49fb-84b1-591a59029ad3", "isDeleted":"false", "size":"733", "version":"1781697359670"}}
{"logTime": "0623/171117", "correlationVector":"1BEvhyy3hE330iuAF2Pafq.39","action":"Commit.Passwords", "result":"Conflict", "context":{"id":"c741adf0-d16b-4a8b-a5b7-7cf65f82552a", "isDeleted":"false", "size":"1037", "version":"1781697370238"}}
{"logTime": "0623/171117", "correlationVector":"1BEvhyy3hE330iuAF2Pafq.40","action":"Commit.Passwords", "result":"Conflict", "context":{"id":"700277be-b640-43dc-9c87-0de20af4123c", "isDeleted":"false", "size":"741", "version":"1781697367725"}}
{"logTime": "0623/171117", "correlationVector":"1BEvhyy3hE330iuAF2Pafq.41","action":"Commit.Passwords", "result":"Conflict", "context":{"id":"bc18b2d8-eaf2-4f26-949d-af815ea8c71c", "isDeleted":"false", "size":"694", "version":"1781697356276"}}
{"logTime": "0623/171117", "correlationVector":"1BEvhyy3hE330iuAF2Pafq.42","action":"Commit.Passwords", "result":"Conflict", "context":{"id":"fddcd876-745d-4203-8184-49e94c746078", "isDeleted":"false", "size":"671", "version":"1781697352323"}}
{"logTime": "0623/171118", "correlationVector":"ABqD57mx2hFCaNEDvDGVVN","action":"Normal GetUpdate request", "result":"", "context":cV=ABqD57mx2hFCaNEDvDGVVN
Nudged types: Preferences, Passwords
Notified types: Passwords}
{"logTime": "0623/171119", "correlationVector":"ABqD57mx2hFCaNEDvDGVVN.1","action":"SyncServerConnectionManagerRequest", "result":"SYNC_SERVER_OK", "context":{"environment":"Prod_germanywestcentral_prod-s01-011-eur-germanywestcentral", "migrationStage":"NotStarted", "server":"akswtt10100001q"}}
{"logTime": "0623/171119", "correlationVector":"ABqD57mx2hFCaNEDvDGVVN.2","action":"ProcessGetUpdates", "result":"Done", "context":{"dataType":"Passwords", "deleted":"0", "process_failed_to_decrypt":"0", "process_pending_decryption":"0", "process_success":"52", "total":"52"}}
{"logTime": "0623/171119", "correlationVector":"ABqD57mx2hFCaNEDvDGVVN.3","action":"GetUpdates Response", "result":"Success", "context":Received 52 update(s). cV=ABqD57mx2hFCaNEDvDGVVN.0;server=akswtt10100001q;cloudType=Consumer;environment=Prod_germanywestcentral_prod-s01-011-eur-germanywestcentral;migrationStage=NotStarted}
{"logTime": "0623/171119", "correlationVector":"ltHTWzTcduMPZqh+1hTpq2","action":"Commit Request", "result":"", "context":Item count: 40
Contributing types: Passwords}
{"logTime": "0623/171120", "correlationVector":"ltHTWzTcduMPZqh+1hTpq2","action":"SyncServerConnectionManagerRequest", "result":"CONNECTION_UNAVAILABLE", "context":{"error_type":"net_error_code", "error_value":"-3"}}
